::1 - - [03/Oct/2019:11:39:56 +0000] "GET /owner HTTP/1.1" 304 - "http://localhost:4200/" "Mozilla/5.0 (Windows NT 6.3; Win64; x64) AppleWebKit/537.36 (KHTML, like Gecko) Chrome/77.0.3865.90 Safari/537.36"
::1 - - [03/Oct/2019:11:40:15 +0000] "GET /pets HTTP/1.1" 304 - "http://localhost:4200/pets" "Mozilla/5.0 (Windows NT 6.3; Win64; x64) AppleWebKit/537.36 (KHTML, like Gecko) Chrome/77.0.3865.90 Safari/537.36"
::1 - - [03/Oct/2019:11:41:10 +0000] "GET /pets HTTP/1.1" 304 - "http://localhost:4200/pets" "Mozilla/5.0 (Windows NT 6.3; Win64; x64) AppleWebKit/537.36 (KHTML, like Gecko) Chrome/77.0.3865.90 Safari/537.36"
::1 - - [03/Oct/2019:11:41:57 +0000] "GET /pets HTTP/1.1" 304 - "http://localhost:4200/pets" "Mozilla/5.0 (Windows NT 6.3; Win64; x64) AppleWebKit/537.36 (KHTML, like Gecko) Chrome/77.0.3865.90 Safari/537.36"
::1 - - [03/Oct/2019:11:42:38 +0000] "GET /pets HTTP/1.1" 304 - "http://localhost:4200/pets" "Mozilla/5.0 (Windows NT 6.3; Win64; x64) AppleWebKit/537.36 (KHTML, like Gecko) Chrome/77.0.3865.90 Safari/537.36"
::1 - - [03/Oct/2019:11:43:49 +0000] "GET /pets HTTP/1.1" 304 - "http://localhost:4200/pets" "Mozilla/5.0 (Windows NT 6.3; Win64; x64) AppleWebKit/537.36 (KHTML, like Gecko) Chrome/77.0.3865.90 Safari/537.36"
::1 - - [03/Oct/2019:11:44:54 +0000] "GET /pets HTTP/1.1" 304 - "http://localhost:4200/pets" "Mozilla/5.0 (Windows NT 6.3; Win64; x64) AppleWebKit/537.36 (KHTML, like Gecko) Chrome/77.0.3865.90 Safari/537.36"
::1 - - [03/Oct/2019:11:45:00 +0000] "GET /pets HTTP/1.1" 304 - "http://localhost:4200/pets" "Mozilla/5.0 (Windows NT 6.3; Win64; x64) AppleWebKit/537.36 (KHTML, like Gecko) Chrome/77.0.3865.90 Safari/537.36"
::1 - - [03/Oct/2019:11:45:15 +0000] "POST /pets HTTP/1.1" 200 17 "-" "PostmanRuntime/7.6.1"
::1 - - [03/Oct/2019:11:45:20 +0000] "GET /pets HTTP/1.1" 200 202 "http://localhost:4200/pets" "Mozilla/5.0 (Windows NT 6.3; Win64; x64) AppleWebKit/537.36 (KHTML, like Gecko) Chrome/77.0.3865.90 Safari/537.36"
::1 - - [03/Oct/2019:11:46:25 +0000] "GET /pets HTTP/1.1" 304 - "http://localhost:4200/pets" "Mozilla/5.0 (Windows NT 6.3; Win64; x64) AppleWebKit/537.36 (KHTML, like Gecko) Chrome/77.0.3865.90 Safari/537.36"
::1 - - [03/Oct/2019:11:46:37 +0000] "POST /pets HTTP/1.1" 200 17 "-" "PostmanRuntime/7.6.1"
::1 - - [03/Oct/2019:11:46:43 +0000] "GET /pets HTTP/1.1" 200 303 "http://localhost:4200/pets" "Mozilla/5.0 (Windows NT 6.3; Win64; x64) AppleWebKit/537.36 (KHTML, like Gecko) Chrome/77.0.3865.90 Safari/537.36"
::1 - - [03/Oct/2019:11:47:16 +0000] "GET /pets HTTP/1.1" 304 - "http://localhost:4200/pets" "Mozilla/5.0 (Windows NT 6.3; Win64; x64) AppleWebKit/537.36 (KHTML, like Gecko) Chrome/77.0.3865.90 Safari/537.36"
::1 - - [03/Oct/2019:11:47:27 +0000] "GET /pets HTTP/1.1" 304 - "http://localhost:4200/pets" "Mozilla/5.0 (Windows NT 6.3; Win64; x64) AppleWebKit/537.36 (KHTML, like Gecko) Chrome/77.0.3865.90 Safari/537.36"
::1 - - [03/Oct/2019:11:48:02 +0000] "GET /pets HTTP/1.1" 304 - "http://localhost:4200/pets" "Mozilla/5.0 (Windows NT 6.3; Win64; x64) AppleWebKit/537.36 (KHTML, like Gecko) Chrome/77.0.3865.90 Safari/537.36"
::1 - - [03/Oct/2019:11:48:23 +0000] "GET /pets HTTP/1.1" 304 - "http://localhost:4200/pets" "Mozilla/5.0 (Windows NT 6.3; Win64; x64) AppleWebKit/537.36 (KHTML, like Gecko) Chrome/77.0.3865.90 Safari/537.36"
::1 - - [03/Oct/2019:11:49:14 +0000] "GET /pets HTTP/1.1" 304 - "http://localhost:4200/pets" "Mozilla/5.0 (Windows NT 6.3; Win64; x64) AppleWebKit/537.36 (KHTML, like Gecko) Chrome/77.0.3865.90 Safari/537.36"
::1 - - [03/Oct/2019:11:49:26 +0000] "GET /pets HTTP/1.1" 304 - "http://localhost:4200/pets" "Mozilla/5.0 (Windows NT 6.3; Win64; x64) AppleWebKit/537.36 (KHTML, like Gecko) Chrome/77.0.3865.90 Safari/537.36"
::1 - - [03/Oct/2019:11:49:37 +0000] "GET /pets HTTP/1.1" 304 - "http://localhost:4200/pets" "Mozilla/5.0 (Windows NT 6.3; Win64; x64) AppleWebKit/537.36 (KHTML, like Gecko) Chrome/77.0.3865.90 Safari/537.36"
::1 - - [03/Oct/2019:11:50:33 +0000] "GET /pets HTTP/1.1" 304 - "http://localhost:4200/pets" "Mozilla/5.0 (Windows NT 6.3; Win64; x64) AppleWebKit/537.36 (KHTML, like Gecko) Chrome/77.0.3865.90 Safari/537.36"
::1 - - [03/Oct/2019:11:51:33 +0000] "GET /pets HTTP/1.1" 304 - "http://localhost:4200/pets" "Mozilla/5.0 (Windows NT 6.3; Win64; x64) AppleWebKit/537.36 (KHTML, like Gecko) Chrome/77.0.3865.90 Safari/537.36"
::1 - - [03/Oct/2019:11:52:30 +0000] "GET /pets HTTP/1.1" 304 - "http://localhost:4200/pets" "Mozilla/5.0 (Windows NT 6.3; Win64; x64) AppleWebKit/537.36 (KHTML, like Gecko) Chrome/77.0.3865.90 Safari/537.36"
::1 - - [03/Oct/2019:11:52:48 +0000] "GET /pets HTTP/1.1" 304 - "http://localhost:4200/pets" "Mozilla/5.0 (Windows NT 6.3; Win64; x64) AppleWebKit/537.36 (KHTML, like Gecko) Chrome/77.0.3865.90 Safari/537.36"
::1 - - [03/Oct/2019:11:53:11 +0000] "GET /pets HTTP/1.1" 304 - "http://localhost:4200/pets" "Mozilla/5.0 (Windows NT 6.3; Win64; x64) AppleWebKit/537.36 (KHTML, like Gecko) Chrome/77.0.3865.90 Safari/537.36"
::1 - - [03/Oct/2019:11:53:34 +0000] "GET /pets HTTP/1.1" 304 - "http://localhost:4200/pets" "Mozilla/5.0 (Windows NT 6.3; Win64; x64) AppleWebKit/537.36 (KHTML, like Gecko) Chrome/77.0.3865.90 Safari/537.36"
::1 - - [03/Oct/2019:11:56:26 +0000] "GET /pets HTTP/1.1" 304 - "http://localhost:4200/pets" "Mozilla/5.0 (Windows NT 6.3; Win64; x64) AppleWebKit/537.36 (KHTML, like Gecko) Chrome/77.0.3865.90 Safari/537.36"
::1 - - [03/Oct/2019:11:57:00 +0000] "GET /pets HTTP/1.1" 304 - "http://localhost:4200/pets" "Mozilla/5.0 (Windows NT 6.3; Win64; x64) AppleWebKit/537.36 (KHTML, like Gecko) Chrome/77.0.3865.90 Safari/537.36"
::1 - - [03/Oct/2019:11:57:37 +0000] "GET /pets HTTP/1.1" 304 - "http://localhost:4200/pets" "Mozilla/5.0 (Windows NT 6.3; Win64; x64) AppleWebKit/537.36 (KHTML, like Gecko) Chrome/77.0.3865.90 Safari/537.36"
::1 - - [03/Oct/2019:11:58:45 +0000] "GET /pets HTTP/1.1" 304 - "http://localhost:4200/pets" "Mozilla/5.0 (Windows NT 6.3; Win64; x64) AppleWebKit/537.36 (KHTML, like Gecko) Chrome/77.0.3865.90 Safari/537.36"
::1 - - [03/Oct/2019:11:59:00 +0000] "GET /pets HTTP/1.1" 304 - "http://localhost:4200/pets" "Mozilla/5.0 (Windows NT 6.3; Win64; x64) AppleWebKit/537.36 (KHTML, like Gecko) Chrome/77.0.3865.90 Safari/537.36"
::1 - - [03/Oct/2019:12:00:01 +0000] "GET /pets HTTP/1.1" 304 - "http://localhost:4200/pets" "Mozilla/5.0 (Windows NT 6.3; Win64; x64) AppleWebKit/537.36 (KHTML, like Gecko) Chrome/77.0.3865.90 Safari/537.36"
::1 - - [03/Oct/2019:12:00:21 +0000] "GET /pets HTTP/1.1" 304 - "http://localhost:4200/pets" "Mozilla/5.0 (Windows NT 6.3; Win64; x64) AppleWebKit/537.36 (KHTML, like Gecko) Chrome/77.0.3865.90 Safari/537.36"
::1 - - [03/Oct/2019:12:00:33 +0000] "GET /pets HTTP/1.1" 304 - "http://localhost:4200/pets" "Mozilla/5.0 (Windows NT 6.3; Win64; x64) AppleWebKit/537.36 (KHTML, like Gecko) Chrome/77.0.3865.90 Safari/537.36"
::1 - - [03/Oct/2019:12:03:57 +0000] "GET /pets HTTP/1.1" 304 - "http://localhost:4200/pets" "Mozilla/5.0 (Windows NT 6.3; Win64; x64) AppleWebKit/537.36 (KHTML, like Gecko) Chrome/77.0.3865.90 Safari/537.36"
::1 - - [03/Oct/2019:12:06:18 +0000] "GET /pets HTTP/1.1" 304 - "http://localhost:4200/pets" "Mozilla/5.0 (Windows NT 6.3; Win64; x64) AppleWebKit/537.36 (KHTML, like Gecko) Chrome/77.0.3865.90 Safari/537.36"
::1 - - [03/Oct/2019:12:22:27 +0000] "GET /pets HTTP/1.1" 304 - "http://localhost:4200/pets" "Mozilla/5.0 (Windows NT 6.3; Win64; x64) AppleWebKit/537.36 (KHTML, like Gecko) Chrome/77.0.3865.90 Safari/537.36"
::1 - - [03/Oct/2019:12:23:40 +0000] "GET /pets HTTP/1.1" 304 - "http://localhost:4200/pets" "Mozilla/5.0 (Windows NT 6.3; Win64; x64) AppleWebKit/537.36 (KHTML, like Gecko) Chrome/77.0.3865.90 Safari/537.36"
::1 - - [03/Oct/2019:12:24:12 +0000] "GET /pets HTTP/1.1" 304 - "http://localhost:4200/pets" "Mozilla/5.0 (Windows NT 6.3; Win64; x64) AppleWebKit/537.36 (KHTML, like Gecko) Chrome/77.0.3865.90 Safari/537.36"
::1 - - [03/Oct/2019:12:25:12 +0000] "GET /pets HTTP/1.1" 304 - "http://localhost:4200/pets" "Mozilla/5.0 (Windows NT 6.3; Win64; x64) AppleWebKit/537.36 (KHTML, like Gecko) Chrome/77.0.3865.90 Safari/537.36"
::1 - - [03/Oct/2019:12:25:27 +0000] "GET /pets HTTP/1.1" 304 - "http://localhost:4200/pets" "Mozilla/5.0 (Windows NT 6.3; Win64; x64) AppleWebKit/537.36 (KHTML, like Gecko) Chrome/77.0.3865.90 Safari/537.36"
::1 - - [03/Oct/2019:12:26:35 +0000] "GET /pets HTTP/1.1" 304 - "http://localhost:4200/pets" "Mozilla/5.0 (Windows NT 6.3; Win64; x64) AppleWebKit/537.36 (KHTML, like Gecko) Chrome/77.0.3865.90 Safari/537.36"
::1 - - [03/Oct/2019:12:27:13 +0000] "GET /pets HTTP/1.1" 304 - "http://localhost:4200/pets" "Mozilla/5.0 (Windows NT 6.3; Win64; x64) AppleWebKit/537.36 (KHTML, like Gecko) Chrome/77.0.3865.90 Safari/537.36"
::1 - - [03/Oct/2019:12:29:20 +0000] "GET /pets HTTP/1.1" 304 - "http://localhost:4200/pets" "Mozilla/5.0 (Windows NT 6.3; Win64; x64) AppleWebKit/537.36 (KHTML, like Gecko) Chrome/77.0.3865.90 Safari/537.36"
::1 - - [03/Oct/2019:12:30:07 +0000] "GET /pets HTTP/1.1" 304 - "http://localhost:4200/pets" "Mozilla/5.0 (Windows NT 6.3; Win64; x64) AppleWebKit/537.36 (KHTML, like Gecko) Chrome/77.0.3865.90 Safari/537.36"
::1 - - [03/Oct/2019:12:30:28 +0000] "GET /pets HTTP/1.1" 304 - "http://localhost:4200/pets" "Mozilla/5.0 (Windows NT 6.3; Win64; x64) AppleWebKit/537.36 (KHTML, like Gecko) Chrome/77.0.3865.90 Safari/537.36"
::1 - - [03/Oct/2019:12:31:12 +0000] "GET /pets HTTP/1.1" 304 - "http://localhost:4200/pets" "Mozilla/5.0 (Windows NT 6.3; Win64; x64) AppleWebKit/537.36 (KHTML, like Gecko) Chrome/77.0.3865.90 Safari/537.36"
::1 - - [03/Oct/2019:12:33:38 +0000] "GET /pets HTTP/1.1" 304 - "http://localhost:4200/pets" "Mozilla/5.0 (Windows NT 6.3; Win64; x64) AppleWebKit/537.36 (KHTML, like Gecko) Chrome/77.0.3865.90 Safari/537.36"
::1 - - [03/Oct/2019:12:33:47 +0000] "GET /pets HTTP/1.1" 304 - "http://localhost:4200/pets" "Mozilla/5.0 (Windows NT 6.3; Win64; x64) AppleWebKit/537.36 (KHTML, like Gecko) Chrome/77.0.3865.90 Safari/537.36"
::1 - - [03/Oct/2019:12:34:25 +0000] "GET /pets HTTP/1.1" 304 - "http://localhost:4200/pets" "Mozilla/5.0 (Windows NT 6.3; Win64; x64) AppleWebKit/537.36 (KHTML, like Gecko) Chrome/77.0.3865.90 Safari/537.36"
::1 - - [03/Oct/2019:12:34:43 +0000] "OPTIONS /pets HTTP/1.1" 204 0 "http://localhost:4200/pets" "Mozilla/5.0 (Windows NT 6.3; Win64; x64) AppleWebKit/537.36 (KHTML, like Gecko) Chrome/77.0.3865.90 Safari/537.36"
::1 - - [03/Oct/2019:12:34:45 +0000] "PUT /pets HTTP/1.1" 200 17 "http://localhost:4200/pets" "Mozilla/5.0 (Windows NT 6.3; Win64; x64) AppleWebKit/537.36 (KHTML, like Gecko) Chrome/77.0.3865.90 Safari/537.36"
::1 - - [03/Oct/2019:12:34:50 +0000] "GET /pets HTTP/1.1" 200 303 "http://localhost:4200/pets" "Mozilla/5.0 (Windows NT 6.3; Win64; x64) AppleWebKit/537.36 (KHTML, like Gecko) Chrome/77.0.3865.90 Safari/537.36"
::1 - - [03/Oct/2019:12:35:30 +0000] "PUT /pets HTTP/1.1" 200 17 "-" "PostmanRuntime/7.6.1"
::1 - - [03/Oct/2019:12:35:42 +0000] "OPTIONS /pets HTTP/1.1" 204 0 "http://localhost:4200/pets" "Mozilla/5.0 (Windows NT 6.3; Win64; x64) AppleWebKit/537.36 (KHTML, like Gecko) Chrome/77.0.3865.90 Safari/537.36"
::1 - - [03/Oct/2019:12:35:44 +0000] "PUT /pets HTTP/1.1" 200 17 "http://localhost:4200/pets" "Mozilla/5.0 (Windows NT 6.3; Win64; x64) AppleWebKit/537.36 (KHTML, like Gecko) Chrome/77.0.3865.90 Safari/537.36"
::1 - - [03/Oct/2019:12:40:59 +0000] "GET /pets HTTP/1.1" 200 303 "http://localhost:4200/pets" "Mozilla/5.0 (Windows NT 6.3; Win64; x64) AppleWebKit/537.36 (KHTML, like Gecko) Chrome/77.0.3865.90 Safari/537.36"
::1 - - [03/Oct/2019:12:56:07 +0000] "GET /owner HTTP/1.1" 304 - "http://localhost:4200/" "Mozilla/5.0 (Windows NT 6.3; Win64; x64) AppleWebKit/537.36 (KHTML, like Gecko) Chrome/77.0.3865.90 Safari/537.36"
::1 - - [03/Oct/2019:12:56:12 +0000] "GET /pets HTTP/1.1" 304 - "http://localhost:4200/pets" "Mozilla/5.0 (Windows NT 6.3; Win64; x64) AppleWebKit/537.36 (KHTML, like Gecko) Chrome/77.0.3865.90 Safari/537.36"
::1 - - [03/Oct/2019:12:56:25 +0000] "OPTIONS /pets HTTP/1.1" 204 0 "http://localhost:4200/pets" "Mozilla/5.0 (Windows NT 6.3; Win64; x64) AppleWebKit/537.36 (KHTML, like Gecko) Chrome/77.0.3865.90 Safari/537.36"
::1 - - [03/Oct/2019:12:56:26 +0000] "PUT /pets HTTP/1.1" 200 17 "http://localhost:4200/pets" "Mozilla/5.0 (Windows NT 6.3; Win64; x64) AppleWebKit/537.36 (KHTML, like Gecko) Chrome/77.0.3865.90 Safari/537.36"
::1 - - [03/Oct/2019:12:56:34 +0000] "GET /pets HTTP/1.1" 200 303 "http://localhost:4200/pets" "Mozilla/5.0 (Windows NT 6.3; Win64; x64) AppleWebKit/537.36 (KHTML, like Gecko) Chrome/77.0.3865.90 Safari/537.36"
::1 - - [03/Oct/2019:12:57:11 +0000] "GET /pets HTTP/1.1" 304 - "http://localhost:4200/pets" "Mozilla/5.0 (Windows NT 6.3; Win64; x64) AppleWebKit/537.36 (KHTML, like Gecko) Chrome/77.0.3865.90 Safari/537.36"
::1 - - [03/Oct/2019:12:57:22 +0000] "OPTIONS /pets HTTP/1.1" 204 0 "http://localhost:4200/pets" "Mozilla/5.0 (Windows NT 6.3; Win64; x64) AppleWebKit/537.36 (KHTML, like Gecko) Chrome/77.0.3865.90 Safari/537.36"
::1 - - [03/Oct/2019:12:57:22 +0000] "PUT /pets HTTP/1.1" 200 17 "http://localhost:4200/pets" "Mozilla/5.0 (Windows NT 6.3; Win64; x64) AppleWebKit/537.36 (KHTML, like Gecko) Chrome/77.0.3865.90 Safari/537.36"
::1 - - [03/Oct/2019:12:57:39 +0000] "GET /pets HTTP/1.1" 200 303 "http://localhost:4200/pets" "Mozilla/5.0 (Windows NT 6.3; Win64; x64) AppleWebKit/537.36 (KHTML, like Gecko) Chrome/77.0.3865.90 Safari/537.36"
::1 - - [03/Oct/2019:12:59:10 +0000] "OPTIONS /pets HTTP/1.1" 204 0 "http://localhost:4200/pets" "Mozilla/5.0 (Windows NT 6.3; Win64; x64) AppleWebKit/537.36 (KHTML, like Gecko) Chrome/77.0.3865.90 Safari/537.36"
::1 - - [03/Oct/2019:12:59:10 +0000] "PUT /pets HTTP/1.1" 200 17 "http://localhost:4200/pets" "Mozilla/5.0 (Windows NT 6.3; Win64; x64) AppleWebKit/537.36 (KHTML, like Gecko) Chrome/77.0.3865.90 Safari/537.36"
::1 - - [03/Oct/2019:13:00:25 +0000] "GET /pets HTTP/1.1" 200 303 "http://localhost:4200/pets" "Mozilla/5.0 (Windows NT 6.3; Win64; x64) AppleWebKit/537.36 (KHTML, like Gecko) Chrome/77.0.3865.90 Safari/537.36"
::1 - - [03/Oct/2019:13:00:28 +0000] "OPTIONS /pets HTTP/1.1" 204 0 "http://localhost:4200/pets" "Mozilla/5.0 (Windows NT 6.3; Win64; x64) AppleWebKit/537.36 (KHTML, like Gecko) Chrome/77.0.3865.90 Safari/537.36"
::1 - - [03/Oct/2019:13:01:40 +0000] "PUT /pets HTTP/1.1" 200 17 "http://localhost:4200/pets" "Mozilla/5.0 (Windows NT 6.3; Win64; x64) AppleWebKit/537.36 (KHTML, like Gecko) Chrome/77.0.3865.90 Safari/537.36"
::1 - - [03/Oct/2019:13:01:43 +0000] "GET /pets HTTP/1.1" 200 303 "http://localhost:4200/pets" "Mozilla/5.0 (Windows NT 6.3; Win64; x64) AppleWebKit/537.36 (KHTML, like Gecko) Chrome/77.0.3865.90 Safari/537.36"
::1 - - [03/Oct/2019:13:02:50 +0000] "OPTIONS /pets HTTP/1.1" 204 0 "http://localhost:4200/pets" "Mozilla/5.0 (Windows NT 6.3; Win64; x64) AppleWebKit/537.36 (KHTML, like Gecko) Chrome/77.0.3865.90 Safari/537.36"
::1 - - [03/Oct/2019:13:02:57 +0000] "PUT /pets HTTP/1.1" 422 33 "http://localhost:4200/pets" "Mozilla/5.0 (Windows NT 6.3; Win64; x64) AppleWebKit/537.36 (KHTML, like Gecko) Chrome/77.0.3865.90 Safari/537.36"
::1 - - [03/Oct/2019:13:03:29 +0000] "GET /pets HTTP/1.1" 304 - "http://localhost:4200/pets" "Mozilla/5.0 (Windows NT 6.3; Win64; x64) AppleWebKit/537.36 (KHTML, like Gecko) Chrome/77.0.3865.90 Safari/537.36"
::1 - - [03/Oct/2019:13:03:31 +0000] "OPTIONS /pets HTTP/1.1" 204 0 "http://localhost:4200/pets" "Mozilla/5.0 (Windows NT 6.3; Win64; x64) AppleWebKit/537.36 (KHTML, like Gecko) Chrome/77.0.3865.90 Safari/537.36"
::1 - - [03/Oct/2019:13:03:58 +0000] "PUT /pets HTTP/1.1" 422 33 "http://localhost:4200/pets" "Mozilla/5.0 (Windows NT 6.3; Win64; x64) AppleWebKit/537.36 (KHTML, like Gecko) Chrome/77.0.3865.90 Safari/537.36"
::1 - - [03/Oct/2019:13:04:01 +0000] "GET /pets HTTP/1.1" 304 - "http://localhost:4200/pets" "Mozilla/5.0 (Windows NT 6.3; Win64; x64) AppleWebKit/537.36 (KHTML, like Gecko) Chrome/77.0.3865.90 Safari/537.36"
::1 - - [03/Oct/2019:13:04:16 +0000] "OPTIONS /pets HTTP/1.1" 204 0 "http://localhost:4200/pets" "Mozilla/5.0 (Windows NT 6.3; Win64; x64) AppleWebKit/537.36 (KHTML, like Gecko) Chrome/77.0.3865.90 Safari/537.36"
::1 - - [03/Oct/2019:13:04:18 +0000] "PUT /pets HTTP/1.1" 422 33 "http://localhost:4200/pets" "Mozilla/5.0 (Windows NT 6.3; Win64; x64) AppleWebKit/537.36 (KHTML, like Gecko) Chrome/77.0.3865.90 Safari/537.36"
::1 - - [03/Oct/2019:13:04:30 +0000] "GET /pets HTTP/1.1" 304 - "http://localhost:4200/pets" "Mozilla/5.0 (Windows NT 6.3; Win64; x64) AppleWebKit/537.36 (KHTML, like Gecko) Chrome/77.0.3865.90 Safari/537.36"
::1 - - [03/Oct/2019:13:04:44 +0000] "OPTIONS /pets HTTP/1.1" 204 0 "http://localhost:4200/pets" "Mozilla/5.0 (Windows NT 6.3; Win64; x64) AppleWebKit/537.36 (KHTML, like Gecko) Chrome/77.0.3865.90 Safari/537.36"
::1 - - [03/Oct/2019:13:04:45 +0000] "PUT /pets HTTP/1.1" 422 33 "http://localhost:4200/pets" "Mozilla/5.0 (Windows NT 6.3; Win64; x64) AppleWebKit/537.36 (KHTML, like Gecko) Chrome/77.0.3865.90 Safari/537.36"
::1 - - [03/Oct/2019:13:05:03 +0000] "GET /pets HTTP/1.1" 304 - "http://localhost:4200/pets" "Mozilla/5.0 (Windows NT 6.3; Win64; x64) AppleWebKit/537.36 (KHTML, like Gecko) Chrome/77.0.3865.90 Safari/537.36"
::1 - - [03/Oct/2019:13:05:09 +0000] "OPTIONS /pets HTTP/1.1" 204 0 "http://localhost:4200/pets" "Mozilla/5.0 (Windows NT 6.3; Win64; x64) AppleWebKit/537.36 (KHTML, like Gecko) Chrome/77.0.3865.90 Safari/537.36"
::1 - - [03/Oct/2019:13:05:10 +0000] "PUT /pets HTTP/1.1" 200 17 "http://localhost:4200/pets" "Mozilla/5.0 (Windows NT 6.3; Win64; x64) AppleWebKit/537.36 (KHTML, like Gecko) Chrome/77.0.3865.90 Safari/537.36"
::1 - - [03/Oct/2019:13:05:16 +0000] "GET /pets HTTP/1.1" 200 307 "http://localhost:4200/pets" "Mozilla/5.0 (Windows NT 6.3; Win64; x64) AppleWebKit/537.36 (KHTML, like Gecko) Chrome/77.0.3865.90 Safari/537.36"
::1 - - [03/Oct/2019:13:07:12 +0000] "OPTIONS /pets HTTP/1.1" 204 0 "http://localhost:4200/pets" "Mozilla/5.0 (Windows NT 6.3; Win64; x64) AppleWebKit/537.36 (KHTML, like Gecko) Chrome/77.0.3865.90 Safari/537.36"
::1 - - [03/Oct/2019:13:07:13 +0000] "PUT /pets HTTP/1.1" 200 17 "http://localhost:4200/pets" "Mozilla/5.0 (Windows NT 6.3; Win64; x64) AppleWebKit/537.36 (KHTML, like Gecko) Chrome/77.0.3865.90 Safari/537.36"
::1 - - [03/Oct/2019:13:07:18 +0000] "GET /pets HTTP/1.1" 200 307 "http://localhost:4200/pets" "Mozilla/5.0 (Windows NT 6.3; Win64; x64) AppleWebKit/537.36 (KHTML, like Gecko) Chrome/77.0.3865.90 Safari/537.36"
::1 - - [03/Oct/2019:13:07:21 +0000] "GET /owner HTTP/1.1" 304 - "http://localhost:4200/" "Mozilla/5.0 (Windows NT 6.3; Win64; x64) AppleWebKit/537.36 (KHTML, like Gecko) Chrome/77.0.3865.90 Safari/537.36"
::1 - - [03/Oct/2019:13:07:27 +0000] "GET /pets HTTP/1.1" 304 - "http://localhost:4200/pets" "Mozilla/5.0 (Windows NT 6.3; Win64; x64) AppleWebKit/537.36 (KHTML, like Gecko) Chrome/77.0.3865.90 Safari/537.36"
::1 - - [03/Oct/2019:13:07:55 +0000] "OPTIONS /pets HTTP/1.1" 204 0 "http://localhost:4200/pets" "Mozilla/5.0 (Windows NT 6.3; Win64; x64) AppleWebKit/537.36 (KHTML, like Gecko) Chrome/77.0.3865.90 Safari/537.36"
::1 - - [03/Oct/2019:13:07:56 +0000] "PUT /pets HTTP/1.1" 200 17 "http://localhost:4200/pets" "Mozilla/5.0 (Windows NT 6.3; Win64; x64) AppleWebKit/537.36 (KHTML, like Gecko) Chrome/77.0.3865.90 Safari/537.36"
::1 - - [03/Oct/2019:13:08:11 +0000] "GET /pets HTTP/1.1" 200 305 "http://localhost:4200/pets" "Mozilla/5.0 (Windows NT 6.3; Win64; x64) AppleWebKit/537.36 (KHTML, like Gecko) Chrome/77.0.3865.90 Safari/537.36"
::1 - - [03/Oct/2019:13:08:47 +0000] "GET /owner HTTP/1.1" 304 - "http://localhost:4200/" "Mozilla/5.0 (Windows NT 6.3; Win64; x64) AppleWebKit/537.36 (KHTML, like Gecko) Chrome/77.0.3865.90 Safari/537.36"
::1 - - [03/Oct/2019:13:08:49 +0000] "GET /pets HTTP/1.1" 500 114 "http://localhost:4200/pets" "Mozilla/5.0 (Windows NT 6.3; Win64; x64) AppleWebKit/537.36 (KHTML, like Gecko) Chrome/77.0.3865.90 Safari/537.36"
::1 - - [03/Oct/2019:13:08:57 +0000] "GET /owner HTTP/1.1" 304 - "http://localhost:4200/" "Mozilla/5.0 (Windows NT 6.3; Win64; x64) AppleWebKit/537.36 (KHTML, like Gecko) Chrome/77.0.3865.90 Safari/537.36"
::1 - - [03/Oct/2019:13:10:25 +0000] "GET /owner HTTP/1.1" 304 - "http://localhost:4200/" "Mozilla/5.0 (Windows NT 6.3; Win64; x64) AppleWebKit/537.36 (KHTML, like Gecko) Chrome/77.0.3865.90 Safari/537.36"
::1 - - [03/Oct/2019:13:10:37 +0000] "GET /owner HTTP/1.1" 304 - "http://localhost:4200/" "Mozilla/5.0 (Windows NT 6.3; Win64; x64) AppleWebKit/537.36 (KHTML, like Gecko) Chrome/77.0.3865.90 Safari/537.36"
::1 - - [03/Oct/2019:13:10:43 +0000] "GET /owner HTTP/1.1" 304 - "http://localhost:4200/" "Mozilla/5.0 (Windows NT 6.3; Win64; x64) AppleWebKit/537.36 (KHTML, like Gecko) Chrome/77.0.3865.90 Safari/537.36"
::1 - - [03/Oct/2019:13:11:01 +0000] "GET /pets HTTP/1.1" 500 114 "http://localhost:4200/pets" "Mozilla/5.0 (Windows NT 6.3; Win64; x64) AppleWebKit/537.36 (KHTML, like Gecko) Chrome/77.0.3865.90 Safari/537.36"
::1 - - [03/Oct/2019:13:11:04 +0000] "GET /owner HTTP/1.1" 304 - "http://localhost:4200/" "Mozilla/5.0 (Windows NT 6.3; Win64; x64) AppleWebKit/537.36 (KHTML, like Gecko) Chrome/77.0.3865.90 Safari/537.36"
::1 - - [03/Oct/2019:13:11:59 +0000] "GET /owner HTTP/1.1" 304 - "http://localhost:4200/" "Mozilla/5.0 (Windows NT 6.3; Win64; x64) AppleWebKit/537.36 (KHTML, like Gecko) Chrome/77.0.3865.90 Safari/537.36"
::1 - - [03/Oct/2019:13:12:40 +0000] "GET /owner HTTP/1.1" 304 - "http://localhost:4200/" "Mozilla/5.0 (Windows NT 6.3; Win64; x64) AppleWebKit/537.36 (KHTML, like Gecko) Chrome/77.0.3865.90 Safari/537.36"
::1 - - [03/Oct/2019:13:12:56 +0000] "GET /owner HTTP/1.1" 304 - "http://localhost:4200/" "Mozilla/5.0 (Windows NT 6.3; Win64; x64) AppleWebKit/537.36 (KHTML, like Gecko) Chrome/77.0.3865.90 Safari/537.36"
::1 - - [03/Oct/2019:13:14:27 +0000] "GET /owner HTTP/1.1" 304 - "http://localhost:4200/" "Mozilla/5.0 (Windows NT 6.3; Win64; x64) AppleWebKit/537.36 (KHTML, like Gecko) Chrome/77.0.3865.90 Safari/537.36"
::1 - - [03/Oct/2019:13:15:03 +0000] "GET /owner HTTP/1.1" 304 - "http://localhost:4200/" "Mozilla/5.0 (Windows NT 6.3; Win64; x64) AppleWebKit/537.36 (KHTML, like Gecko) Chrome/77.0.3865.90 Safari/537.36"
::1 - - [03/Oct/2019:13:15:15 +0000] "GET /owner HTTP/1.1" 304 - "http://localhost:4200/" "Mozilla/5.0 (Windows NT 6.3; Win64; x64) AppleWebKit/537.36 (KHTML, like Gecko) Chrome/77.0.3865.90 Safari/537.36"
::1 - - [03/Oct/2019:13:15:33 +0000] "GET /owner HTTP/1.1" 304 - "http://localhost:4200/" "Mozilla/5.0 (Windows NT 6.3; Win64; x64) AppleWebKit/537.36 (KHTML, like Gecko) Chrome/77.0.3865.90 Safari/537.36"
::1 - - [03/Oct/2019:13:15:47 +0000] "GET /owner HTTP/1.1" 304 - "http://localhost:4200/" "Mozilla/5.0 (Windows NT 6.3; Win64; x64) AppleWebKit/537.36 (KHTML, like Gecko) Chrome/77.0.3865.90 Safari/537.36"
::1 - - [03/Oct/2019:13:16:18 +0000] "GET /owner HTTP/1.1" 304 - "http://localhost:4200/" "Mozilla/5.0 (Windows NT 6.3; Win64; x64) AppleWebKit/537.36 (KHTML, like Gecko) Chrome/77.0.3865.90 Safari/537.36"
::1 - - [03/Oct/2019:13:16:25 +0000] "GET /owner HTTP/1.1" 304 - "http://localhost:4200/" "Mozilla/5.0 (Windows NT 6.3; Win64; x64) AppleWebKit/537.36 (KHTML, like Gecko) Chrome/77.0.3865.90 Safari/537.36"
::1 - - [03/Oct/2019:13:20:05 +0000] "GET /owner HTTP/1.1" 304 - "http://localhost:4200/" "Mozilla/5.0 (Windows NT 6.3; Win64; x64) AppleWebKit/537.36 (KHTML, like Gecko) Chrome/77.0.3865.90 Safari/537.36"
::1 - - [03/Oct/2019:13:20:15 +0000] "GET /owner HTTP/1.1" 304 - "http://localhost:4200/" "Mozilla/5.0 (Windows NT 6.3; Win64; x64) AppleWebKit/537.36 (KHTML, like Gecko) Chrome/77.0.3865.90 Safari/537.36"
::1 - - [03/Oct/2019:13:20:34 +0000] "GET /owner HTTP/1.1" 304 - "http://localhost:4200/" "Mozilla/5.0 (Windows NT 6.3; Win64; x64) AppleWebKit/537.36 (KHTML, like Gecko) Chrome/77.0.3865.90 Safari/537.36"
::1 - - [03/Oct/2019:13:21:27 +0000] "GET /owner HTTP/1.1" 304 - "http://localhost:4200/" "Mozilla/5.0 (Windows NT 6.3; Win64; x64) AppleWebKit/537.36 (KHTML, like Gecko) Chrome/77.0.3865.90 Safari/537.36"
::1 - - [03/Oct/2019:13:21:29 +0000] "GET /owner HTTP/1.1" 304 - "http://localhost:4200/" "Mozilla/5.0 (Windows NT 6.3; Win64; x64) AppleWebKit/537.36 (KHTML, like Gecko) Chrome/77.0.3865.90 Safari/537.36"
::1 - - [03/Oct/2019:13:22:08 +0000] "GET /owner HTTP/1.1" 304 - "http://localhost:4200/" "Mozilla/5.0 (Windows NT 6.3; Win64; x64) AppleWebKit/537.36 (KHTML, like Gecko) Chrome/77.0.3865.90 Safari/537.36"
::1 - - [03/Oct/2019:13:23:08 +0000] "GET /owner HTTP/1.1" 304 - "http://localhost:4200/" "Mozilla/5.0 (Windows NT 6.3; Win64; x64) AppleWebKit/537.36 (KHTML, like Gecko) Chrome/77.0.3865.90 Safari/537.36"
::1 - - [03/Oct/2019:13:24:14 +0000] "GET /owner HTTP/1.1" 304 - "http://localhost:4200/" "Mozilla/5.0 (Windows NT 6.3; Win64; x64) AppleWebKit/537.36 (KHTML, like Gecko) Chrome/77.0.3865.90 Safari/537.36"
::1 - - [03/Oct/2019:13:25:14 +0000] "GET /owner HTTP/1.1" 304 - "http://localhost:4200/" "Mozilla/5.0 (Windows NT 6.3; Win64; x64) AppleWebKit/537.36 (KHTML, like Gecko) Chrome/77.0.3865.90 Safari/537.36"
::1 - - [03/Oct/2019:13:25:17 +0000] "GET /pets HTTP/1.1" 500 114 "http://localhost:4200/owner/1" "Mozilla/5.0 (Windows NT 6.3; Win64; x64) AppleWebKit/537.36 (KHTML, like Gecko) Chrome/77.0.3865.90 Safari/537.36"
::1 - - [03/Oct/2019:13:27:08 +0000] "GET /owner/ HTTP/1.1" 200 381 "http://localhost:4200/owner/1" "Mozilla/5.0 (Windows NT 6.3; Win64; x64) AppleWebKit/537.36 (KHTML, like Gecko) Chrome/77.0.3865.90 Safari/537.36"
::1 - - [03/Oct/2019:13:27:31 +0000] "GET /owner/undefined HTTP/1.1" 500 27 "http://localhost:4200/owner/1" "Mozilla/5.0 (Windows NT 6.3; Win64; x64) AppleWebKit/537.36 (KHTML, like Gecko) Chrome/77.0.3865.90 Safari/537.36"
::1 - - [03/Oct/2019:13:27:33 +0000] "GET /owner HTTP/1.1" 304 - "http://localhost:4200/" "Mozilla/5.0 (Windows NT 6.3; Win64; x64) AppleWebKit/537.36 (KHTML, like Gecko) Chrome/77.0.3865.90 Safari/537.36"
::1 - - [03/Oct/2019:13:27:34 +0000] "GET /owner/undefined HTTP/1.1" 500 27 "http://localhost:4200/owner/1" "Mozilla/5.0 (Windows NT 6.3; Win64; x64) AppleWebKit/537.36 (KHTML, like Gecko) Chrome/77.0.3865.90 Safari/537.36"
::1 - - [03/Oct/2019:13:28:30 +0000] "GET /owner/undefined HTTP/1.1" 500 27 "http://localhost:4200/owner/1" "Mozilla/5.0 (Windows NT 6.3; Win64; x64) AppleWebKit/537.36 (KHTML, like Gecko) Chrome/77.0.3865.90 Safari/537.36"
::1 - - [03/Oct/2019:13:28:53 +0000] "GET /owner/undefined HTTP/1.1" 500 27 "http://localhost:4200/owner/1" "Mozilla/5.0 (Windows NT 6.3; Win64; x64) AppleWebKit/537.36 (KHTML, like Gecko) Chrome/77.0.3865.90 Safari/537.36"
::1 - - [03/Oct/2019:13:29:15 +0000] "GET /owner/undefined HTTP/1.1" 500 27 "http://localhost:4200/owner/1" "Mozilla/5.0 (Windows NT 6.3; Win64; x64) AppleWebKit/537.36 (KHTML, like Gecko) Chrome/77.0.3865.90 Safari/537.36"
::1 - - [03/Oct/2019:13:29:32 +0000] "GET /owner HTTP/1.1" 304 - "http://localhost:4200/owner?id=1" "Mozilla/5.0 (Windows NT 6.3; Win64; x64) AppleWebKit/537.36 (KHTML, like Gecko) Chrome/77.0.3865.90 Safari/537.36"
::1 - - [03/Oct/2019:13:30:34 +0000] "GET /owner HTTP/1.1" 304 - "http://localhost:4200/owner?id=1" "Mozilla/5.0 (Windows NT 6.3; Win64; x64) AppleWebKit/537.36 (KHTML, like Gecko) Chrome/77.0.3865.90 Safari/537.36"
::1 - - [03/Oct/2019:13:30:43 +0000] "GET /owner/1 HTTP/1.1" 500 27 "http://localhost:4200/owner/1" "Mozilla/5.0 (Windows NT 6.3; Win64; x64) AppleWebKit/537.36 (KHTML, like Gecko) Chrome/77.0.3865.90 Safari/537.36"
::1 - - [03/Oct/2019:13:31:25 +0000] "GET /owner/2 HTTP/1.1" 500 27 "http://localhost:4200/owner/2" "Mozilla/5.0 (Windows NT 6.3; Win64; x64) AppleWebKit/537.36 (KHTML, like Gecko) Chrome/77.0.3865.90 Safari/537.36"
::1 - - [03/Oct/2019:13:32:25 +0000] "GET /owner/2 HTTP/1.1" 500 27 "http://localhost:4200/owner/2" "Mozilla/5.0 (Windows NT 6.3; Win64; x64) AppleWebKit/537.36 (KHTML, like Gecko) Chrome/77.0.3865.90 Safari/537.36"
::1 - - [03/Oct/2019:13:32:32 +0000] "GET /owner/2 HTTP/1.1" 500 27 "http://localhost:4200/owner/2" "Mozilla/5.0 (Windows NT 6.3; Win64; x64) AppleWebKit/537.36 (KHTML, like Gecko) Chrome/77.0.3865.90 Safari/537.36"
::1 - - [03/Oct/2019:13:32:35 +0000] "GET /owner HTTP/1.1" 304 - "http://localhost:4200/" "Mozilla/5.0 (Windows NT 6.3; Win64; x64) AppleWebKit/537.36 (KHTML, like Gecko) Chrome/77.0.3865.90 Safari/537.36"
::1 - - [03/Oct/2019:13:32:37 +0000] "GET /owner/1 HTTP/1.1" 500 27 "http://localhost:4200/owner/1" "Mozilla/5.0 (Windows NT 6.3; Win64; x64) AppleWebKit/537.36 (KHTML, like Gecko) Chrome/77.0.3865.90 Safari/537.36"
::1 - - [03/Oct/2019:13:32:38 +0000] "GET /owner HTTP/1.1" 304 - "http://localhost:4200/" "Mozilla/5.0 (Windows NT 6.3; Win64; x64) AppleWebKit/537.36 (KHTML, like Gecko) Chrome/77.0.3865.90 Safari/537.36"
::1 - - [03/Oct/2019:13:51:56 +0000] "GET /owner/1 HTTP/1.1" 500 27 "http://localhost:4200/owner/1" "Mozilla/5.0 (Windows NT 6.3; Win64; x64) AppleWebKit/537.36 (KHTML, like Gecko) Chrome/77.0.3865.90 Safari/537.36"
::1 - - [03/Oct/2019:13:51:57 +0000] "GET /owner HTTP/1.1" 304 - "http://localhost:4200/" "Mozilla/5.0 (Windows NT 6.3; Win64; x64) AppleWebKit/537.36 (KHTML, like Gecko) Chrome/77.0.3865.90 Safari/537.36"
::1 - - [03/Oct/2019:13:52:03 +0000] "GET /owner HTTP/1.1" 304 - "http://localhost:4200/" "Mozilla/5.0 (Windows NT 6.3; Win64; x64) AppleWebKit/537.36 (KHTML, like Gecko) Chrome/77.0.3865.90 Safari/537.36"
::1 - - [03/Oct/2019:13:53:12 +0000] "GET /owner HTTP/1.1" 304 - "http://localhost:4200/" "Mozilla/5.0 (Windows NT 6.3; Win64; x64) AppleWebKit/537.36 (KHTML, like Gecko) Chrome/77.0.3865.90 Safari/537.36"
::1 - - [03/Oct/2019:13:53:21 +0000] "GET /owner HTTP/1.1" 304 - "http://localhost:4200/" "Mozilla/5.0 (Windows NT 6.3; Win64; x64) AppleWebKit/537.36 (KHTML, like Gecko) Chrome/77.0.3865.90 Safari/537.36"
::1 - - [03/Oct/2019:13:54:17 +0000] "GET /owner HTTP/1.1" 304 - "http://localhost:4200/" "Mozilla/5.0 (Windows NT 6.3; Win64; x64) AppleWebKit/537.36 (KHTML, like Gecko) Chrome/77.0.3865.90 Safari/537.36"
::1 - - [03/Oct/2019:13:54:24 +0000] "GET /owner HTTP/1.1" 304 - "http://localhost:4200/" "Mozilla/5.0 (Windows NT 6.3; Win64; x64) AppleWebKit/537.36 (KHTML, like Gecko) Chrome/77.0.3865.90 Safari/537.36"
::1 - - [03/Oct/2019:13:54:56 +0000] "GET /owner HTTP/1.1" 304 - "http://localhost:4200/" "Mozilla/5.0 (Windows NT 6.3; Win64; x64) AppleWebKit/537.36 (KHTML, like Gecko) Chrome/77.0.3865.90 Safari/537.36"
::1 - - [03/Oct/2019:13:55:41 +0000] "GET /owner HTTP/1.1" 304 - "http://localhost:4200/" "Mozilla/5.0 (Windows NT 6.3; Win64; x64) AppleWebKit/537.36 (KHTML, like Gecko) Chrome/77.0.3865.90 Safari/537.36"
::1 - - [03/Oct/2019:13:55:53 +0000] "GET /owner HTTP/1.1" 304 - "http://localhost:4200/" "Mozilla/5.0 (Windows NT 6.3; Win64; x64) AppleWebKit/537.36 (KHTML, like Gecko) Chrome/77.0.3865.90 Safari/537.36"
::1 - - [03/Oct/2019:13:57:59 +0000] "GET /owner HTTP/1.1" 304 - "http://localhost:4200/" "Mozilla/5.0 (Windows NT 6.3; Win64; x64) AppleWebKit/537.36 (KHTML, like Gecko) Chrome/77.0.3865.90 Safari/537.36"
::1 - - [03/Oct/2019:13:58:07 +0000] "GET /owner HTTP/1.1" 304 - "http://localhost:4200/" "Mozilla/5.0 (Windows NT 6.3; Win64; x64) AppleWebKit/537.36 (KHTML, like Gecko) Chrome/77.0.3865.90 Safari/537.36"
::1 - - [03/Oct/2019:13:58:27 +0000] "GET /owner HTTP/1.1" 304 - "http://localhost:4200/" "Mozilla/5.0 (Windows NT 6.3; Win64; x64) AppleWebKit/537.36 (KHTML, like Gecko) Chrome/77.0.3865.90 Safari/537.36"
::1 - - [03/Oct/2019:13:59:29 +0000] "GET /owner HTTP/1.1" 304 - "http://localhost:4200/" "Mozilla/5.0 (Windows NT 6.3; Win64; x64) AppleWebKit/537.36 (KHTML, like Gecko) Chrome/77.0.3865.90 Safari/537.36"
::1 - - [03/Oct/2019:14:00:19 +0000] "GET /owner HTTP/1.1" 304 - "http://localhost:4200/" "Mozilla/5.0 (Windows NT 6.3; Win64; x64) AppleWebKit/537.36 (KHTML, like Gecko) Chrome/77.0.3865.90 Safari/537.36"
::1 - - [03/Oct/2019:14:01:22 +0000] "GET /owner HTTP/1.1" 304 - "http://localhost:4200/" "Mozilla/5.0 (Windows NT 6.3; Win64; x64) AppleWebKit/537.36 (KHTML, like Gecko) Chrome/77.0.3865.90 Safari/537.36"
::1 - - [03/Oct/2019:14:01:58 +0000] "GET /owner HTTP/1.1" 304 - "http://localhost:4200/" "Mozilla/5.0 (Windows NT 6.3; Win64; x64) AppleWebKit/537.36 (KHTML, like Gecko) Chrome/77.0.3865.90 Safari/537.36"
::1 - - [03/Oct/2019:14:02:27 +0000] "GET /owner HTTP/1.1" 304 - "http://localhost:4200/" "Mozilla/5.0 (Windows NT 6.3; Win64; x64) AppleWebKit/537.36 (KHTML, like Gecko) Chrome/77.0.3865.90 Safari/537.36"
::1 - - [03/Oct/2019:14:02:44 +0000] "GET /owner HTTP/1.1" 304 - "http://localhost:4200/" "Mozilla/5.0 (Windows NT 6.3; Win64; x64) AppleWebKit/537.36 (KHTML, like Gecko) Chrome/77.0.3865.90 Safari/537.36"
::1 - - [03/Oct/2019:14:02:58 +0000] "OPTIONS /owner HTTP/1.1" 204 0 "http://localhost:4200/" "Mozilla/5.0 (Windows NT 6.3; Win64; x64) AppleWebKit/537.36 (KHTML, like Gecko) Chrome/77.0.3865.90 Safari/537.36"
::1 - - [03/Oct/2019:14:03:00 +0000] "POST /owner HTTP/1.1" 404 145 "http://localhost:4200/" "Mozilla/5.0 (Windows NT 6.3; Win64; x64) AppleWebKit/537.36 (KHTML, like Gecko) Chrome/77.0.3865.90 Safari/537.36"
::1 - - [03/Oct/2019:14:04:31 +0000] "GET /owner HTTP/1.1" 304 - "http://localhost:4200/" "Mozilla/5.0 (Windows NT 6.3; Win64; x64) AppleWebKit/537.36 (KHTML, like Gecko) Chrome/77.0.3865.90 Safari/537.36"
::1 - - [03/Oct/2019:14:04:42 +0000] "OPTIONS /pets HTTP/1.1" 204 0 "http://localhost:4200/" "Mozilla/5.0 (Windows NT 6.3; Win64; x64) AppleWebKit/537.36 (KHTML, like Gecko) Chrome/77.0.3865.90 Safari/537.36"
::1 - - [03/Oct/2019:14:04:43 +0000] "POST /pets HTTP/1.1" 200 17 "http://localhost:4200/" "Mozilla/5.0 (Windows NT 6.3; Win64; x64) AppleWebKit/537.36 (KHTML, like Gecko) Chrome/77.0.3865.90 Safari/537.36"
::1 - - [03/Oct/2019:14:04:49 +0000] "GET /owner/1 HTTP/1.1" 200 93 "http://localhost:4200/owner/1" "Mozilla/5.0 (Windows NT 6.3; Win64; x64) AppleWebKit/537.36 (KHTML, like Gecko) Chrome/77.0.3865.90 Safari/537.36"
::1 - - [03/Oct/2019:14:04:52 +0000] "GET /owner HTTP/1.1" 304 - "http://localhost:4200/" "Mozilla/5.0 (Windows NT 6.3; Win64; x64) AppleWebKit/537.36 (KHTML, like Gecko) Chrome/77.0.3865.90 Safari/537.36"
::1 - - [03/Oct/2019:14:04:53 +0000] "GET /pets HTTP/1.1" 200 93 "http://localhost:4200/pets" "Mozilla/5.0 (Windows NT 6.3; Win64; x64) AppleWebKit/537.36 (KHTML, like Gecko) Chrome/77.0.3865.90 Safari/537.36"
::1 - - [03/Oct/2019:14:04:58 +0000] "OPTIONS /pets HTTP/1.1" 204 0 "http://localhost:4200/pets" "Mozilla/5.0 (Windows NT 6.3; Win64; x64) AppleWebKit/537.36 (KHTML, like Gecko) Chrome/77.0.3865.90 Safari/537.36"
::1 - - [03/Oct/2019:14:04:58 +0000] "PUT /pets HTTP/1.1" 200 17 "http://localhost:4200/pets" "Mozilla/5.0 (Windows NT 6.3; Win64; x64) AppleWebKit/537.36 (KHTML, like Gecko) Chrome/77.0.3865.90 Safari/537.36"
::1 - - [03/Oct/2019:14:05:04 +0000] "GET /pets HTTP/1.1" 200 93 "http://localhost:4200/pets" "Mozilla/5.0 (Windows NT 6.3; Win64; x64) AppleWebKit/537.36 (KHTML, like Gecko) Chrome/77.0.3865.90 Safari/537.36"
::1 - - [03/Oct/2019:14:06:09 +0000] "GET /pets HTTP/1.1" 304 - "http://localhost:4200/pets" "Mozilla/5.0 (Windows NT 6.3; Win64; x64) AppleWebKit/537.36 (KHTML, like Gecko) Chrome/77.0.3865.90 Safari/537.36"
::1 - - [03/Oct/2019:14:06:15 +0000] "GET /owner HTTP/1.1" 304 - "http://localhost:4200/" "Mozilla/5.0 (Windows NT 6.3; Win64; x64) AppleWebKit/537.36 (KHTML, like Gecko) Chrome/77.0.3865.90 Safari/537.36"
::1 - - [03/Oct/2019:14:06:17 +0000] "GET /owner/1 HTTP/1.1" 200 93 "http://localhost:4200/owner/1" "Mozilla/5.0 (Windows NT 6.3; Win64; x64) AppleWebKit/537.36 (KHTML, like Gecko) Chrome/77.0.3865.90 Safari/537.36"
::1 - - [03/Oct/2019:14:06:18 +0000] "GET /owner HTTP/1.1" 304 - "http://localhost:4200/" "Mozilla/5.0 (Windows NT 6.3; Win64; x64) AppleWebKit/537.36 (KHTML, like Gecko) Chrome/77.0.3865.90 Safari/537.36"
::1 - - [03/Oct/2019:14:06:20 +0000] "GET /owner/2 HTTP/1.1" 202 27 "http://localhost:4200/owner/2" "Mozilla/5.0 (Windows NT 6.3; Win64; x64) AppleWebKit/537.36 (KHTML, like Gecko) Chrome/77.0.3865.90 Safari/537.36"
::1 - - [03/Oct/2019:14:06:21 +0000] "GET /owner HTTP/1.1" 304 - "http://localhost:4200/" "Mozilla/5.0 (Windows NT 6.3; Win64; x64) AppleWebKit/537.36 (KHTML, like Gecko) Chrome/77.0.3865.90 Safari/537.36"
::1 - - [03/Oct/2019:14:06:34 +0000] "OPTIONS /pets HTTP/1.1" 204 0 "http://localhost:4200/" "Mozilla/5.0 (Windows NT 6.3; Win64; x64) AppleWebKit/537.36 (KHTML, like Gecko) Chrome/77.0.3865.90 Safari/537.36"
::1 - - [03/Oct/2019:14:06:35 +0000] "POST /pets HTTP/1.1" 200 17 "http://localhost:4200/" "Mozilla/5.0 (Windows NT 6.3; Win64; x64) AppleWebKit/537.36 (KHTML, like Gecko) Chrome/77.0.3865.90 Safari/537.36"
::1 - - [03/Oct/2019:14:06:37 +0000] "GET /owner/2 HTTP/1.1" 200 93 "http://localhost:4200/owner/2" "Mozilla/5.0 (Windows NT 6.3; Win64; x64) AppleWebKit/537.36 (KHTML, like Gecko) Chrome/77.0.3865.90 Safari/537.36"
::1 - - [03/Oct/2019:14:06:39 +0000] "GET /owner HTTP/1.1" 304 - "http://localhost:4200/" "Mozilla/5.0 (Windows NT 6.3; Win64; x64) AppleWebKit/537.36 (KHTML, like Gecko) Chrome/77.0.3865.90 Safari/537.36"
::1 - - [03/Oct/2019:14:06:40 +0000] "GET /owner/1 HTTP/1.1" 304 - "http://localhost:4200/owner/1" "Mozilla/5.0 (Windows NT 6.3; Win64; x64) AppleWebKit/537.36 (KHTML, like Gecko) Chrome/77.0.3865.90 Safari/537.36"
::1 - - [03/Oct/2019:14:06:41 +0000] "GET /owner HTTP/1.1" 304 - "http://localhost:4200/" "Mozilla/5.0 (Windows NT 6.3; Win64; x64) AppleWebKit/537.36 (KHTML, like Gecko) Chrome/77.0.3865.90 Safari/537.36"
::1 - - [03/Oct/2019:14:06:43 +0000] "GET /pets HTTP/1.1" 200 185 "http://localhost:4200/pets" "Mozilla/5.0 (Windows NT 6.3; Win64; x64) AppleWebKit/537.36 (KHTML, like Gecko) Chrome/77.0.3865.90 Safari/537.36"
::1 - - [03/Oct/2019:14:06:52 +0000] "OPTIONS /pets HTTP/1.1" 204 0 "http://localhost:4200/pets" "Mozilla/5.0 (Windows NT 6.3; Win64; x64) AppleWebKit/537.36 (KHTML, like Gecko) Chrome/77.0.3865.90 Safari/537.36"
::1 - - [03/Oct/2019:14:06:52 +0000] "PUT /pets HTTP/1.1" 200 17 "http://localhost:4200/pets" "Mozilla/5.0 (Windows NT 6.3; Win64; x64) AppleWebKit/537.36 (KHTML, like Gecko) Chrome/77.0.3865.90 Safari/537.36"
::1 - - [03/Oct/2019:14:06:54 +0000] "GET /owner HTTP/1.1" 304 - "http://localhost:4200/" "Mozilla/5.0 (Windows NT 6.3; Win64; x64) AppleWebKit/537.36 (KHTML, like Gecko) Chrome/77.0.3865.90 Safari/537.36"
::1 - - [03/Oct/2019:14:06:56 +0000] "GET /owner/2 HTTP/1.1" 200 95 "http://localhost:4200/owner/2" "Mozilla/5.0 (Windows NT 6.3; Win64; x64) AppleWebKit/537.36 (KHTML, like Gecko) Chrome/77.0.3865.90 Safari/537.36"
::1 - - [03/Oct/2019:14:06:57 +0000] "GET /owner HTTP/1.1" 304 - "http://localhost:4200/" "Mozilla/5.0 (Windows NT 6.3; Win64; x64) AppleWebKit/537.36 (KHTML, like Gecko) Chrome/77.0.3865.90 Safari/537.36"
::1 - - [03/Oct/2019:14:07:19 +0000] "GET /pets HTTP/1.1" 200 187 "http://localhost:4200/pets" "Mozilla/5.0 (Windows NT 6.3; Win64; x64) AppleWebKit/537.36 (KHTML, like Gecko) Chrome/77.0.3865.90 Safari/537.36"
::1 - - [03/Oct/2019:14:07:31 +0000] "OPTIONS /pets HTTP/1.1" 204 0 "http://localhost:4200/pets" "Mozilla/5.0 (Windows NT 6.3; Win64; x64) AppleWebKit/537.36 (KHTML, like Gecko) Chrome/77.0.3865.90 Safari/537.36"
::1 - - [03/Oct/2019:14:07:31 +0000] "PUT /pets HTTP/1.1" 200 17 "http://localhost:4200/pets" "Mozilla/5.0 (Windows NT 6.3; Win64; x64) AppleWebKit/537.36 (KHTML, like Gecko) Chrome/77.0.3865.90 Safari/537.36"
::1 - - [03/Oct/2019:14:07:33 +0000] "GET /owner HTTP/1.1" 304 - "http://localhost:4200/" "Mozilla/5.0 (Windows NT 6.3; Win64; x64) AppleWebKit/537.36 (KHTML, like Gecko) Chrome/77.0.3865.90 Safari/537.36"
::1 - - [03/Oct/2019:14:07:33 +0000] "GET /owner/1 HTTP/1.1" 200 97 "http://localhost:4200/owner/1" "Mozilla/5.0 (Windows NT 6.3; Win64; x64) AppleWebKit/537.36 (KHTML, like Gecko) Chrome/77.0.3865.90 Safari/537.36"
::1 - - [03/Oct/2019:14:07:41 +0000] "OPTIONS /pets HTTP/1.1" 204 0 "http://localhost:4200/owner/1" "Mozilla/5.0 (Windows NT 6.3; Win64; x64) AppleWebKit/537.36 (KHTML, like Gecko) Chrome/77.0.3865.90 Safari/537.36"
::1 - - [03/Oct/2019:14:07:41 +0000] "PUT /pets HTTP/1.1" 200 17 "http://localhost:4200/owner/1" "Mozilla/5.0 (Windows NT 6.3; Win64; x64) AppleWebKit/537.36 (KHTML, like Gecko) Chrome/77.0.3865.90 Safari/537.36"
::1 - - [03/Oct/2019:14:07:42 +0000] "GET /owner HTTP/1.1" 304 - "http://localhost:4200/" "Mozilla/5.0 (Windows NT 6.3; Win64; x64) AppleWebKit/537.36 (KHTML, like Gecko) Chrome/77.0.3865.90 Safari/537.36"
::1 - - [03/Oct/2019:14:07:44 +0000] "GET /pets HTTP/1.1" 200 189 "http://localhost:4200/pets" "Mozilla/5.0 (Windows NT 6.3; Win64; x64) AppleWebKit/537.36 (KHTML, like Gecko) Chrome/77.0.3865.90 Safari/537.36"
::1 - - [03/Oct/2019:14:07:45 +0000] "GET /owner HTTP/1.1" 304 - "http://localhost:4200/" "Mozilla/5.0 (Windows NT 6.3; Win64; x64) AppleWebKit/537.36 (KHTML, like Gecko) Chrome/77.0.3865.90 Safari/537.36"
::1 - - [03/Oct/2019:14:07:46 +0000] "GET /owner/1 HTTP/1.1" 200 95 "http://localhost:4200/owner/1" "Mozilla/5.0 (Windows NT 6.3; Win64; x64) AppleWebKit/537.36 (KHTML, like Gecko) Chrome/77.0.3865.90 Safari/537.36"
::1 - - [03/Oct/2019:14:07:48 +0000] "GET /owner HTTP/1.1" 304 - "http://localhost:4200/" "Mozilla/5.0 (Windows NT 6.3; Win64; x64) AppleWebKit/537.36 (KHTML, like Gecko) Chrome/77.0.3865.90 Safari/537.36"
::1 - - [03/Oct/2019:14:08:01 +0000] "OPTIONS /pets HTTP/1.1" 204 0 "http://localhost:4200/" "Mozilla/5.0 (Windows NT 6.3; Win64; x64) AppleWebKit/537.36 (KHTML, like Gecko) Chrome/77.0.3865.90 Safari/537.36"
::1 - - [03/Oct/2019:14:08:02 +0000] "POST /pets HTTP/1.1" 200 17 "http://localhost:4200/" "Mozilla/5.0 (Windows NT 6.3; Win64; x64) AppleWebKit/537.36 (KHTML, like Gecko) Chrome/77.0.3865.90 Safari/537.36"
::1 - - [03/Oct/2019:14:08:04 +0000] "GET /pets HTTP/1.1" 200 290 "http://localhost:4200/pets" "Mozilla/5.0 (Windows NT 6.3; Win64; x64) AppleWebKit/537.36 (KHTML, like Gecko) Chrome/77.0.3865.90 Safari/537.36"
::1 - - [03/Oct/2019:14:08:06 +0000] "GET /owner HTTP/1.1" 304 - "http://localhost:4200/" "Mozilla/5.0 (Windows NT 6.3; Win64; x64) AppleWebKit/537.36 (KHTML, like Gecko) Chrome/77.0.3865.90 Safari/537.36"
::1 - - [03/Oct/2019:14:08:06 +0000] "GET /owner/1 HTTP/1.1" 304 - "http://localhost:4200/owner/1" "Mozilla/5.0 (Windows NT 6.3; Win64; x64) AppleWebKit/537.36 (KHTML, like Gecko) Chrome/77.0.3865.90 Safari/537.36"
::1 - - [03/Oct/2019:14:08:07 +0000] "GET /owner HTTP/1.1" 304 - "http://localhost:4200/" "Mozilla/5.0 (Windows NT 6.3; Win64; x64) AppleWebKit/537.36 (KHTML, like Gecko) Chrome/77.0.3865.90 Safari/537.36"
::1 - - [03/Oct/2019:14:08:08 +0000] "GET /owner/2 HTTP/1.1" 304 - "http://localhost:4200/owner/2" "Mozilla/5.0 (Windows NT 6.3; Win64; x64) AppleWebKit/537.36 (KHTML, like Gecko) Chrome/77.0.3865.90 Safari/537.36"
::1 - - [03/Oct/2019:14:08:09 +0000] "GET /owner HTTP/1.1" 304 - "http://localhost:4200/" "Mozilla/5.0 (Windows NT 6.3; Win64; x64) AppleWebKit/537.36 (KHTML, like Gecko) Chrome/77.0.3865.90 Safari/537.36"
::1 - - [03/Oct/2019:14:08:12 +0000] "GET /owner/3 HTTP/1.1" 200 102 "http://localhost:4200/owner/3" "Mozilla/5.0 (Windows NT 6.3; Win64; x64) AppleWebKit/537.36 (KHTML, like Gecko) Chrome/77.0.3865.90 Safari/537.36"
::1 - - [03/Oct/2019:14:08:13 +0000] "GET /owner HTTP/1.1" 304 - "http://localhost:4200/" "Mozilla/5.0 (Windows NT 6.3; Win64; x64) AppleWebKit/537.36 (KHTML, like Gecko) Chrome/77.0.3865.90 Safari/537.36"
::1 - - [03/Oct/2019:14:08:22 +0000] "GET /pets HTTP/1.1" 304 - "http://localhost:4200/pets" "Mozilla/5.0 (Windows NT 6.3; Win64; x64) AppleWebKit/537.36 (KHTML, like Gecko) Chrome/77.0.3865.90 Safari/537.36"
::1 - - [03/Oct/2019:14:08:25 +0000] "GET /owner HTTP/1.1" 304 - "http://localhost:4200/" "Mozilla/5.0 (Windows NT 6.3; Win64; x64) AppleWebKit/537.36 (KHTML, like Gecko) Chrome/77.0.3865.90 Safari/537.36"
::1 - - [03/Oct/2019:14:44:00 +0000] "GET /owner HTTP/1.1" 304 - "http://localhost:4200/" "Mozilla/5.0 (Windows NT 6.3; Win64; x64) AppleWebKit/537.36 (KHTML, like Gecko) Chrome/77.0.3865.90 Safari/537.36"
::1 - - [03/Oct/2019:14:46:06 +0000] "OPTIONS /pets HTTP/1.1" 204 0 "http://localhost:4200/" "Mozilla/5.0 (Windows NT 6.3; Win64; x64) AppleWebKit/537.36 (KHTML, like Gecko) Chrome/77.0.3865.90 Safari/537.36"
::1 - - [03/Oct/2019:14:46:15 +0000] "POST /pets HTTP/1.1" 200 17 "http://localhost:4200/" "Mozilla/5.0 (Windows NT 6.3; Win64; x64) AppleWebKit/537.36 (KHTML, like Gecko) Chrome/77.0.3865.90 Safari/537.36"
::1 - - [03/Oct/2019:14:46:18 +0000] "GET /owner/1 HTTP/1.1" 200 204 "http://localhost:4200/owner/1" "Mozilla/5.0 (Windows NT 6.3; Win64; x64) AppleWebKit/537.36 (KHTML, like Gecko) Chrome/77.0.3865.90 Safari/537.36"
::1 - - [03/Oct/2019:14:46:31 +0000] "OPTIONS /pets HTTP/1.1" 204 0 "http://localhost:4200/owner/1" "Mozilla/5.0 (Windows NT 6.3; Win64; x64) AppleWebKit/537.36 (KHTML, like Gecko) Chrome/77.0.3865.90 Safari/537.36"
::1 - - [03/Oct/2019:14:46:31 +0000] "PUT /pets HTTP/1.1" 200 17 "http://localhost:4200/owner/1" "Mozilla/5.0 (Windows NT 6.3; Win64; x64) AppleWebKit/537.36 (KHTML, like Gecko) Chrome/77.0.3865.90 Safari/537.36"
::1 - - [03/Oct/2019:14:46:36 +0000] "GET /owner/1 HTTP/1.1" 200 203 "http://localhost:4200/owner/1" "Mozilla/5.0 (Windows NT 6.3; Win64; x64) AppleWebKit/537.36 (KHTML, like Gecko) Chrome/77.0.3865.90 Safari/537.36"
::1 - - [03/Oct/2019:14:47:15 +0000] "GET /owner HTTP/1.1" 304 - "http://localhost:4200/" "Mozilla/5.0 (Windows NT 6.3; Win64; x64) AppleWebKit/537.36 (KHTML, like Gecko) Chrome/77.0.3865.90 Safari/537.36"
::1 - - [03/Oct/2019:14:47:23 +0000] "GET /pets HTTP/1.1" 200 398 "http://localhost:4200/pets" "Mozilla/5.0 (Windows NT 6.3; Win64; x64) AppleWebKit/537.36 (KHTML, like Gecko) Chrome/77.0.3865.90 Safari/537.36"
::1 - - [03/Oct/2019:14:47:26 +0000] "GET /owner HTTP/1.1" 304 - "http://localhost:4200/" "Mozilla/5.0 (Windows NT 6.3; Win64; x64) AppleWebKit/537.36 (KHTML, like Gecko) Chrome/77.0.3865.90 Safari/537.36"
::1 - - [03/Oct/2019:14:47:29 +0000] "GET /pets HTTP/1.1" 304 - "http://localhost:4200/pets" "Mozilla/5.0 (Windows NT 6.3; Win64; x64) AppleWebKit/537.36 (KHTML, like Gecko) Chrome/77.0.3865.90 Safari/537.36"
::1 - - [03/Oct/2019:14:47:30 +0000] "GET /owner HTTP/1.1" 304 - "http://localhost:4200/" "Mozilla/5.0 (Windows NT 6.3; Win64; x64) AppleWebKit/537.36 (KHTML, like Gecko) Chrome/77.0.3865.90 Safari/537.36"
::1 - - [03/Oct/2019:14:47:31 +0000] "GET /pets HTTP/1.1" 304 - "http://localhost:4200/pets" "Mozilla/5.0 (Windows NT 6.3; Win64; x64) AppleWebKit/537.36 (KHTML, like Gecko) Chrome/77.0.3865.90 Safari/537.36"
::1 - - [03/Oct/2019:14:47:55 +0000] "GET /owner HTTP/1.1" 304 - "http://localhost:4200/" "Mozilla/5.0 (Windows NT 6.3; Win64; x64) AppleWebKit/537.36 (KHTML, like Gecko) Chrome/77.0.3865.90 Safari/537.36"
::1 - - [03/Oct/2019:14:49:57 +0000] "GET /pets HTTP/1.1" 304 - "http://localhost:4200/pets" "Mozilla/5.0 (Windows NT 6.3; Win64; x64) AppleWebKit/537.36 (KHTML, like Gecko) Chrome/77.0.3865.90 Safari/537.36"
::1 - - [03/Oct/2019:14:50:00 +0000] "GET /owner HTTP/1.1" 304 - "http://localhost:4200/" "Mozilla/5.0 (Windows NT 6.3; Win64; x64) AppleWebKit/537.36 (KHTML, like Gecko) Chrome/77.0.3865.90 Safari/537.36"
::1 - - [03/Oct/2019:14:56:43 +0000] "GET /owner/4 HTTP/1.1" 200 2 "http://localhost:4200/owner/4" "Mozilla/5.0 (Windows NT 6.3; Win64; x64) AppleWebKit/537.36 (KHTML, like Gecko) Chrome/77.0.3865.90 Safari/537.36"
::1 - - [03/Oct/2019:14:57:42 +0000] "GET /owner/4 HTTP/1.1" 304 - "http://localhost:4200/owner/4" "Mozilla/5.0 (Windows NT 6.3; Win64; x64) AppleWebKit/537.36 (KHTML, like Gecko) Chrome/77.0.3865.90 Safari/537.36"
::1 - - [03/Oct/2019:14:57:44 +0000] "GET /owner HTTP/1.1" 304 - "http://localhost:4200/" "Mozilla/5.0 (Windows NT 6.3; Win64; x64) AppleWebKit/537.36 (KHTML, like Gecko) Chrome/77.0.3865.90 Safari/537.36"
::1 - - [03/Oct/2019:14:57:45 +0000] "GET /owner/1 HTTP/1.1" 304 - "http://localhost:4200/owner/1" "Mozilla/5.0 (Windows NT 6.3; Win64; x64) AppleWebKit/537.36 (KHTML, like Gecko) Chrome/77.0.3865.90 Safari/537.36"
::1 - - [03/Oct/2019:14:57:46 +0000] "GET /owner HTTP/1.1" 304 - "http://localhost:4200/" "Mozilla/5.0 (Windows NT 6.3; Win64; x64) AppleWebKit/537.36 (KHTML, like Gecko) Chrome/77.0.3865.90 Safari/537.36"
::1 - - [03/Oct/2019:14:57:47 +0000] "GET /owner/4 HTTP/1.1" 304 - "http://localhost:4200/owner/4" "Mozilla/5.0 (Windows NT 6.3; Win64; x64) AppleWebKit/537.36 (KHTML, like Gecko) Chrome/77.0.3865.90 Safari/537.36"
::1 - - [03/Oct/2019:14:57:48 +0000] "GET /owner HTTP/1.1" 304 - "http://localhost:4200/" "Mozilla/5.0 (Windows NT 6.3; Win64; x64) AppleWebKit/537.36 (KHTML, like Gecko) Chrome/77.0.3865.90 Safari/537.36"
::1 - - [03/Oct/2019:14:58:59 +0000] "GET /owner/4 HTTP/1.1" 304 - "http://localhost:4200/owner/4" "Mozilla/5.0 (Windows NT 6.3; Win64; x64) AppleWebKit/537.36 (KHTML, like Gecko) Chrome/77.0.3865.90 Safari/537.36"
::1 - - [03/Oct/2019:14:59:21 +0000] "GET /owner/4 HTTP/1.1" 304 - "http://localhost:4200/owner/4" "Mozilla/5.0 (Windows NT 6.3; Win64; x64) AppleWebKit/537.36 (KHTML, like Gecko) Chrome/77.0.3865.90 Safari/537.36"
::1 - - [03/Oct/2019:14:59:31 +0000] "GET /owner/4 HTTP/1.1" 304 - "http://localhost:4200/owner/4" "Mozilla/5.0 (Windows NT 6.3; Win64; x64) AppleWebKit/537.36 (KHTML, like Gecko) Chrome/77.0.3865.90 Safari/537.36"
::1 - - [03/Oct/2019:14:59:34 +0000] "GET /owner HTTP/1.1" 304 - "http://localhost:4200/" "Mozilla/5.0 (Windows NT 6.3; Win64; x64) AppleWebKit/537.36 (KHTML, like Gecko) Chrome/77.0.3865.90 Safari/537.36"
::1 - - [03/Oct/2019:14:59:36 +0000] "GET /owner/1 HTTP/1.1" 304 - "http://localhost:4200/owner/1" "Mozilla/5.0 (Windows NT 6.3; Win64; x64) AppleWebKit/537.36 (KHTML, like Gecko) Chrome/77.0.3865.90 Safari/537.36"
::1 - - [03/Oct/2019:14:59:38 +0000] "GET /owner HTTP/1.1" 304 - "http://localhost:4200/" "Mozilla/5.0 (Windows NT 6.3; Win64; x64) AppleWebKit/537.36 (KHTML, like Gecko) Chrome/77.0.3865.90 Safari/537.36"
::1 - - [03/Oct/2019:14:59:41 +0000] "GET /owner/4 HTTP/1.1" 304 - "http://localhost:4200/owner/4" "Mozilla/5.0 (Windows NT 6.3; Win64; x64) AppleWebKit/537.36 (KHTML, like Gecko) Chrome/77.0.3865.90 Safari/537.36"
::1 - - [03/Oct/2019:14:59:56 +0000] "GET /owner/4 HTTP/1.1" 304 - "http://localhost:4200/owner/4" "Mozilla/5.0 (Windows NT 6.3; Win64; x64) AppleWebKit/537.36 (KHTML, like Gecko) Chrome/77.0.3865.90 Safari/537.36"
::1 - - [03/Oct/2019:14:59:58 +0000] "GET /owner HTTP/1.1" 304 - "http://localhost:4200/" "Mozilla/5.0 (Windows NT 6.3; Win64; x64) AppleWebKit/537.36 (KHTML, like Gecko) Chrome/77.0.3865.90 Safari/537.36"
::1 - - [03/Oct/2019:15:00:49 +0000] "GET /owner HTTP/1.1" 304 - "http://localhost:4200/" "Mozilla/5.0 (Windows NT 6.3; Win64; x64) AppleWebKit/537.36 (KHTML, like Gecko) Chrome/77.0.3865.90 Safari/537.36"
::1 - - [03/Oct/2019:15:00:50 +0000] "GET /owner/1 HTTP/1.1" 304 - "http://localhost:4200/owner/1" "Mozilla/5.0 (Windows NT 6.3; Win64; x64) AppleWebKit/537.36 (KHTML, like Gecko) Chrome/77.0.3865.90 Safari/537.36"
::1 - - [03/Oct/2019:15:00:52 +0000] "GET /owner HTTP/1.1" 304 - "http://localhost:4200/" "Mozilla/5.0 (Windows NT 6.3; Win64; x64) AppleWebKit/537.36 (KHTML, like Gecko) Chrome/77.0.3865.90 Safari/537.36"
::1 - - [03/Oct/2019:15:00:53 +0000] "GET /owner/4 HTTP/1.1" 304 - "http://localhost:4200/owner/4" "Mozilla/5.0 (Windows NT 6.3; Win64; x64) AppleWebKit/537.36 (KHTML, like Gecko) Chrome/77.0.3865.90 Safari/537.36"
::1 - - [03/Oct/2019:15:01:16 +0000] "GET /owner/4 HTTP/1.1" 304 - "http://localhost:4200/owner/4" "Mozilla/5.0 (Windows NT 6.3; Win64; x64) AppleWebKit/537.36 (KHTML, like Gecko) Chrome/77.0.3865.90 Safari/537.36"
::1 - - [03/Oct/2019:15:01:49 +0000] "GET /owner/4 HTTP/1.1" 304 - "http://localhost:4200/owner/4" "Mozilla/5.0 (Windows NT 6.3; Win64; x64) AppleWebKit/537.36 (KHTML, like Gecko) Chrome/77.0.3865.90 Safari/537.36"
::1 - - [03/Oct/2019:15:01:51 +0000] "GET /owner HTTP/1.1" 304 - "http://localhost:4200/" "Mozilla/5.0 (Windows NT 6.3; Win64; x64) AppleWebKit/537.36 (KHTML, like Gecko) Chrome/77.0.3865.90 Safari/537.36"
::1 - - [03/Oct/2019:15:01:52 +0000] "GET /owner/3 HTTP/1.1" 304 - "http://localhost:4200/owner/3" "Mozilla/5.0 (Windows NT 6.3; Win64; x64) AppleWebKit/537.36 (KHTML, like Gecko) Chrome/77.0.3865.90 Safari/537.36"
::1 - - [03/Oct/2019:15:02:00 +0000] "GET /owner HTTP/1.1" 304 - "http://localhost:4200/" "Mozilla/5.0 (Windows NT 6.3; Win64; x64) AppleWebKit/537.36 (KHTML, like Gecko) Chrome/77.0.3865.90 Safari/537.36"
::1 - - [03/Oct/2019:15:02:03 +0000] "GET /owner/4 HTTP/1.1" 304 - "http://localhost:4200/owner/4" "Mozilla/5.0 (Windows NT 6.3; Win64; x64) AppleWebKit/537.36 (KHTML, like Gecko) Chrome/77.0.3865.90 Safari/537.36"
::1 - - [03/Oct/2019:15:02:05 +0000] "GET /owner HTTP/1.1" 304 - "http://localhost:4200/" "Mozilla/5.0 (Windows NT 6.3; Win64; x64) AppleWebKit/537.36 (KHTML, like Gecko) Chrome/77.0.3865.90 Safari/537.36"
::1 - - [03/Oct/2019:15:02:10 +0000] "GET /owner/1 HTTP/1.1" 304 - "http://localhost:4200/owner/1" "Mozilla/5.0 (Windows NT 6.3; Win64; x64) AppleWebKit/537.36 (KHTML, like Gecko) Chrome/77.0.3865.90 Safari/537.36"
::1 - - [03/Oct/2019:15:02:12 +0000] "GET /owner HTTP/1.1" 304 - "http://localhost:4200/" "Mozilla/5.0 (Windows NT 6.3; Win64; x64) AppleWebKit/537.36 (KHTML, like Gecko) Chrome/77.0.3865.90 Safari/537.36"
::1 - - [03/Oct/2019:15:02:19 +0000] "GET /owner HTTP/1.1" 304 - "http://localhost:4200/" "Mozilla/5.0 (Windows NT 6.3; Win64; x64) AppleWebKit/537.36 (KHTML, like Gecko) Chrome/77.0.3865.90 Safari/537.36"
::1 - - [03/Oct/2019:15:02:41 +0000] "GET /owner HTTP/1.1" 304 - "http://localhost:4200/" "Mozilla/5.0 (Windows NT 6.3; Win64; x64) AppleWebKit/537.36 (KHTML, like Gecko) Chrome/77.0.3865.90 Safari/537.36"
::1 - - [03/Oct/2019:15:02:43 +0000] "GET /owner/4 HTTP/1.1" 304 - "http://localhost:4200/owner/4" "Mozilla/5.0 (Windows NT 6.3; Win64; x64) AppleWebKit/537.36 (KHTML, like Gecko) Chrome/77.0.3865.90 Safari/537.36"
::1 - - [03/Oct/2019:15:02:44 +0000] "GET /owner HTTP/1.1" 304 - "http://localhost:4200/" "Mozilla/5.0 (Windows NT 6.3; Win64; x64) AppleWebKit/537.36 (KHTML, like Gecko) Chrome/77.0.3865.90 Safari/537.36"
::1 - - [03/Oct/2019:15:02:45 +0000] "GET /owner/1 HTTP/1.1" 304 - "http://localhost:4200/owner/1" "Mozilla/5.0 (Windows NT 6.3; Win64; x64) AppleWebKit/537.36 (KHTML, like Gecko) Chrome/77.0.3865.90 Safari/537.36"
::1 - - [03/Oct/2019:15:02:46 +0000] "GET /owner HTTP/1.1" 304 - "http://localhost:4200/" "Mozilla/5.0 (Windows NT 6.3; Win64; x64) AppleWebKit/537.36 (KHTML, like Gecko) Chrome/77.0.3865.90 Safari/537.36"
::1 - - [03/Oct/2019:15:03:08 +0000] "GET /owner HTTP/1.1" 304 - "http://localhost:4200/" "Mozilla/5.0 (Windows NT 6.3; Win64; x64) AppleWebKit/537.36 (KHTML, like Gecko) Chrome/77.0.3865.90 Safari/537.36"
::1 - - [03/Oct/2019:15:03:09 +0000] "GET /owner/1 HTTP/1.1" 304 - "http://localhost:4200/owner/1" "Mozilla/5.0 (Windows NT 6.3; Win64; x64) AppleWebKit/537.36 (KHTML, like Gecko) Chrome/77.0.3865.90 Safari/537.36"
::1 - - [03/Oct/2019:15:03:10 +0000] "GET /owner HTTP/1.1" 304 - "http://localhost:4200/" "Mozilla/5.0 (Windows NT 6.3; Win64; x64) AppleWebKit/537.36 (KHTML, like Gecko) Chrome/77.0.3865.90 Safari/537.36"
::1 - - [03/Oct/2019:15:03:11 +0000] "GET /owner/4 HTTP/1.1" 304 - "http://localhost:4200/owner/4" "Mozilla/5.0 (Windows NT 6.3; Win64; x64) AppleWebKit/537.36 (KHTML, like Gecko) Chrome/77.0.3865.90 Safari/537.36"
::1 - - [03/Oct/2019:15:03:12 +0000] "GET /owner HTTP/1.1" 304 - "http://localhost:4200/" "Mozilla/5.0 (Windows NT 6.3; Win64; x64) AppleWebKit/537.36 (KHTML, like Gecko) Chrome/77.0.3865.90 Safari/537.36"
::1 - - [03/Oct/2019:15:03:46 +0000] "GET /pets HTTP/1.1" 304 - "http://localhost:4200/pets" "Mozilla/5.0 (Windows NT 6.3; Win64; x64) AppleWebKit/537.36 (KHTML, like Gecko) Chrome/77.0.3865.90 Safari/537.36"
::1 - - [03/Oct/2019:15:05:32 +0000] "GET /pets HTTP/1.1" 304 - "http://localhost:4200/pets" "Mozilla/5.0 (Windows NT 6.3; Win64; x64) AppleWebKit/537.36 (KHTML, like Gecko) Chrome/77.0.3865.90 Safari/537.36"
::1 - - [03/Oct/2019:15:05:45 +0000] "GET /pets HTTP/1.1" 304 - "http://localhost:4200/pets" "Mozilla/5.0 (Windows NT 6.3; Win64; x64) AppleWebKit/537.36 (KHTML, like Gecko) Chrome/77.0.3865.90 Safari/537.36"
::1 - - [03/Oct/2019:15:06:01 +0000] "GET /pets HTTP/1.1" 304 - "http://localhost:4200/pets" "Mozilla/5.0 (Windows NT 6.3; Win64; x64) AppleWebKit/537.36 (KHTML, like Gecko) Chrome/77.0.3865.90 Safari/537.36"
::1 - - [03/Oct/2019:15:06:16 +0000] "GET /pets HTTP/1.1" 304 - "http://localhost:4200/pets" "Mozilla/5.0 (Windows NT 6.3; Win64; x64) AppleWebKit/537.36 (KHTML, like Gecko) Chrome/77.0.3865.90 Safari/537.36"
::1 - - [03/Oct/2019:15:11:28 +0000] "GET / HTTP/1.1" 200 808 "-" "Mozilla/5.0 (Windows NT 6.3; Win64; x64) AppleWebKit/537.36 (KHTML, like Gecko) Chrome/77.0.3865.90 Safari/537.36"
::1 - - [03/Oct/2019:15:11:28 +0000] "GET /polyfills-es2015.d3e61f0dd2b58e518eca.js HTTP/1.1" 200 37277 "http://localhost:4000/" "Mozilla/5.0 (Windows NT 6.3; Win64; x64) AppleWebKit/537.36 (KHTML, like Gecko) Chrome/77.0.3865.90 Safari/537.36"
::1 - - [03/Oct/2019:15:11:28 +0000] "GET /runtime-es2015.b948044840398824f16e.js HTTP/1.1" 200 1485 "http://localhost:4000/" "Mozilla/5.0 (Windows NT 6.3; Win64; x64) AppleWebKit/537.36 (KHTML, like Gecko) Chrome/77.0.3865.90 Safari/537.36"
::1 - - [03/Oct/2019:15:11:28 +0000] "GET /styles.e2419a8c4a24869660c4.css HTTP/1.1" 200 141026 "http://localhost:4000/" "Mozilla/5.0 (Windows NT 6.3; Win64; x64) AppleWebKit/537.36 (KHTML, like Gecko) Chrome/77.0.3865.90 Safari/537.36"
::1 - - [03/Oct/2019:15:11:28 +0000] "GET /main-es2015.758ae5fba3355e07cea2.js HTTP/1.1" 200 375453 "http://localhost:4000/" "Mozilla/5.0 (Windows NT 6.3; Win64; x64) AppleWebKit/537.36 (KHTML, like Gecko) Chrome/77.0.3865.90 Safari/537.36"
::1 - - [03/Oct/2019:15:11:28 +0000] "GET /owner HTTP/1.1" 304 - "http://localhost:4000/" "Mozilla/5.0 (Windows NT 6.3; Win64; x64) AppleWebKit/537.36 (KHTML, like Gecko) Chrome/77.0.3865.90 Safari/537.36"
::1 - - [03/Oct/2019:15:11:29 +0000] "GET /favicon.ico HTTP/1.1" 200 948 "http://localhost:4000/" "Mozilla/5.0 (Windows NT 6.3; Win64; x64) AppleWebKit/537.36 (KHTML, like Gecko) Chrome/77.0.3865.90 Safari/537.36"
::1 - - [03/Oct/2019:15:11:31 +0000] "GET /owner/1 HTTP/1.1" 304 - "http://localhost:4000/owner/1" "Mozilla/5.0 (Windows NT 6.3; Win64; x64) AppleWebKit/537.36 (KHTML, like Gecko) Chrome/77.0.3865.90 Safari/537.36"
::1 - - [03/Oct/2019:15:11:33 +0000] "GET /owner HTTP/1.1" 304 - "http://localhost:4000/" "Mozilla/5.0 (Windows NT 6.3; Win64; x64) AppleWebKit/537.36 (KHTML, like Gecko) Chrome/77.0.3865.90 Safari/537.36"
::1 - - [03/Oct/2019:15:11:34 +0000] "GET /pets HTTP/1.1" 304 - "http://localhost:4000/pets" "Mozilla/5.0 (Windows NT 6.3; Win64; x64) AppleWebKit/537.36 (KHTML, like Gecko) Chrome/77.0.3865.90 Safari/537.36"
::1 - - [03/Oct/2019:15:11:35 +0000] "GET /owner HTTP/1.1" 304 - "http://localhost:4000/" "Mozilla/5.0 (Windows NT 6.3; Win64; x64) AppleWebKit/537.36 (KHTML, like Gecko) Chrome/77.0.3865.90 Safari/537.36"
::1 - - [03/Oct/2019:15:16:58 +0000] "GET / HTTP/1.1" 304 - "-" "Mozilla/5.0 (Windows NT 6.3; Win64; x64) AppleWebKit/537.36 (KHTML, like Gecko) Chrome/77.0.3865.90 Safari/537.36"
::1 - - [03/Oct/2019:15:16:58 +0000] "GET /styles.e2419a8c4a24869660c4.css HTTP/1.1" 304 - "http://localhost:4000/" "Mozilla/5.0 (Windows NT 6.3; Win64; x64) AppleWebKit/537.36 (KHTML, like Gecko) Chrome/77.0.3865.90 Safari/537.36"
::1 - - [03/Oct/2019:15:16:58 +0000] "GET /polyfills-es2015.d3e61f0dd2b58e518eca.js HTTP/1.1" 304 - "http://localhost:4000/" "Mozilla/5.0 (Windows NT 6.3; Win64; x64) AppleWebKit/537.36 (KHTML, like Gecko) Chrome/77.0.3865.90 Safari/537.36"
::1 - - [03/Oct/2019:15:16:58 +0000] "GET /runtime-es2015.b948044840398824f16e.js HTTP/1.1" 304 - "http://localhost:4000/" "Mozilla/5.0 (Windows NT 6.3; Win64; x64) AppleWebKit/537.36 (KHTML, like Gecko) Chrome/77.0.3865.90 Safari/537.36"
::1 - - [03/Oct/2019:15:16:58 +0000] "GET /main-es2015.758ae5fba3355e07cea2.js HTTP/1.1" 304 - "http://localhost:4000/" "Mozilla/5.0 (Windows NT 6.3; Win64; x64) AppleWebKit/537.36 (KHTML, like Gecko) Chrome/77.0.3865.90 Safari/537.36"
::1 - - [03/Oct/2019:15:16:58 +0000] "GET /owner HTTP/1.1" 304 - "http://localhost:4000/" "Mozilla/5.0 (Windows NT 6.3; Win64; x64) AppleWebKit/537.36 (KHTML, like Gecko) Chrome/77.0.3865.90 Safari/537.36"
::1 - - [03/Oct/2019:15:17:02 +0000] "GET /owner/1 HTTP/1.1" 304 - "http://localhost:4000/owner/1" "Mozilla/5.0 (Windows NT 6.3; Win64; x64) AppleWebKit/537.36 (KHTML, like Gecko) Chrome/77.0.3865.90 Safari/537.36"
::1 - - [03/Oct/2019:15:17:09 +0000] "PUT /pets HTTP/1.1" 200 17 "http://localhost:4000/owner/1" "Mozilla/5.0 (Windows NT 6.3; Win64; x64) AppleWebKit/537.36 (KHTML, like Gecko) Chrome/77.0.3865.90 Safari/537.36"
::1 - - [03/Oct/2019:15:17:11 +0000] "GET /owner HTTP/1.1" 304 - "http://localhost:4000/" "Mozilla/5.0 (Windows NT 6.3; Win64; x64) AppleWebKit/537.36 (KHTML, like Gecko) Chrome/77.0.3865.90 Safari/537.36"
::1 - - [03/Oct/2019:15:17:12 +0000] "GET /owner/1 HTTP/1.1" 200 205 "http://localhost:4000/owner/1" "Mozilla/5.0 (Windows NT 6.3; Win64; x64) AppleWebKit/537.36 (KHTML, like Gecko) Chrome/77.0.3865.90 Safari/537.36"
::1 - - [03/Oct/2019:15:17:13 +0000] "GET /owner HTTP/1.1" 304 - "http://localhost:4000/" "Mozilla/5.0 (Windows NT 6.3; Win64; x64) AppleWebKit/537.36 (KHTML, like Gecko) Chrome/77.0.3865.90 Safari/537.36"
::1 - - [03/Oct/2019:15:17:25 +0000] "GET /owner/4 HTTP/1.1" 304 - "http://localhost:4000/owner/4" "Mozilla/5.0 (Windows NT 6.3; Win64; x64) AppleWebKit/537.36 (KHTML, like Gecko) Chrome/77.0.3865.90 Safari/537.36"
::1 - - [03/Oct/2019:15:17:25 +0000] "GET /owner HTTP/1.1" 304 - "http://localhost:4000/" "Mozilla/5.0 (Windows NT 6.3; Win64; x64) AppleWebKit/537.36 (KHTML, like Gecko) Chrome/77.0.3865.90 Safari/537.36"
::1 - - [03/Oct/2019:15:17:28 +0000] "GET /owner/1 HTTP/1.1" 304 - "http://localhost:4000/owner/1" "Mozilla/5.0 (Windows NT 6.3; Win64; x64) AppleWebKit/537.36 (KHTML, like Gecko) Chrome/77.0.3865.90 Safari/537.36"
::1 - - [03/Oct/2019:15:17:29 +0000] "GET /owner HTTP/1.1" 304 - "http://localhost:4000/" "Mozilla/5.0 (Windows NT 6.3; Win64; x64) AppleWebKit/537.36 (KHTML, like Gecko) Chrome/77.0.3865.90 Safari/537.36"
::1 - - [03/Oct/2019:15:17:30 +0000] "GET /owner/3 HTTP/1.1" 304 - "http://localhost:4000/owner/3" "Mozilla/5.0 (Windows NT 6.3; Win64; x64) AppleWebKit/537.36 (KHTML, like Gecko) Chrome/77.0.3865.90 Safari/537.36"
::1 - - [03/Oct/2019:15:17:31 +0000] "GET /owner HTTP/1.1" 304 - "http://localhost:4000/" "Mozilla/5.0 (Windows NT 6.3; Win64; x64) AppleWebKit/537.36 (KHTML, like Gecko) Chrome/77.0.3865.90 Safari/537.36"
::1 - - [03/Oct/2019:15:17:32 +0000] "GET /pets HTTP/1.1" 200 400 "http://localhost:4000/pets" "Mozilla/5.0 (Windows NT 6.3; Win64; x64) AppleWebKit/537.36 (KHTML, like Gecko) Chrome/77.0.3865.90 Safari/537.36"
::1 - - [03/Oct/2019:15:22:35 +0000] "GET /owner HTTP/1.1" 304 - "http://localhost:4200/" "Mozilla/5.0 (Windows NT 6.3; Win64; x64) AppleWebKit/537.36 (KHTML, like Gecko) Chrome/77.0.3865.90 Safari/537.36"
::1 - - [03/Oct/2019:15:24:57 +0000] "GET /owner HTTP/1.1" 304 - "http://localhost:4200/" "Mozilla/5.0 (Windows NT 6.3; Win64; x64) AppleWebKit/537.36 (KHTML, like Gecko) Chrome/77.0.3865.90 Safari/537.36"
::1 - - [03/Oct/2019:15:25:23 +0000] "GET /owner HTTP/1.1" 304 - "http://localhost:4200/" "Mozilla/5.0 (Windows NT 6.3; Win64; x64) AppleWebKit/537.36 (KHTML, like Gecko) Chrome/77.0.3865.90 Safari/537.36"
::1 - - [03/Oct/2019:15:25:51 +0000] "GET /owner HTTP/1.1" 304 - "http://localhost:4200/" "Mozilla/5.0 (Windows NT 6.3; Win64; x64) AppleWebKit/537.36 (KHTML, like Gecko) Chrome/77.0.3865.90 Safari/537.36"
::1 - - [03/Oct/2019:15:26:40 +0000] "GET /owner HTTP/1.1" 304 - "http://localhost:4200/" "Mozilla/5.0 (Windows NT 6.3; Win64; x64) AppleWebKit/537.36 (KHTML, like Gecko) Chrome/77.0.3865.90 Safari/537.36"
::1 - - [03/Oct/2019:15:27:15 +0000] "GET /owner HTTP/1.1" 304 - "http://localhost:4200/" "Mozilla/5.0 (Windows NT 6.3; Win64; x64) AppleWebKit/537.36 (KHTML, like Gecko) Chrome/77.0.3865.90 Safari/537.36"
::1 - - [03/Oct/2019:15:28:31 +0000] "GET /owner HTTP/1.1" 304 - "http://localhost:4200/" "Mozilla/5.0 (Windows NT 6.3; Win64; x64) AppleWebKit/537.36 (KHTML, like Gecko) Chrome/77.0.3865.90 Safari/537.36"
::1 - - [03/Oct/2019:15:28:50 +0000] "GET /owner HTTP/1.1" 304 - "http://localhost:4200/" "Mozilla/5.0 (Windows NT 6.3; Win64; x64) AppleWebKit/537.36 (KHTML, like Gecko) Chrome/77.0.3865.90 Safari/537.36"
::1 - - [03/Oct/2019:15:29:00 +0000] "GET /owner HTTP/1.1" 304 - "http://localhost:4200/" "Mozilla/5.0 (Windows NT 6.3; Win64; x64) AppleWebKit/537.36 (KHTML, like Gecko) Chrome/77.0.3865.90 Safari/537.36"
::1 - - [03/Oct/2019:15:29:27 +0000] "GET /owner HTTP/1.1" 304 - "http://localhost:4200/" "Mozilla/5.0 (Windows NT 6.3; Win64; x64) AppleWebKit/537.36 (KHTML, like Gecko) Chrome/77.0.3865.90 Safari/537.36"
::1 - - [03/Oct/2019:15:29:42 +0000] "GET /owner HTTP/1.1" 304 - "http://localhost:4200/" "Mozilla/5.0 (Windows NT 6.3; Win64; x64) AppleWebKit/537.36 (KHTML, like Gecko) Chrome/77.0.3865.90 Safari/537.36"
::1 - - [03/Oct/2019:15:29:54 +0000] "GET /owner HTTP/1.1" 304 - "http://localhost:4200/" "Mozilla/5.0 (Windows NT 6.3; Win64; x64) AppleWebKit/537.36 (KHTML, like Gecko) Chrome/77.0.3865.90 Safari/537.36"
::1 - - [03/Oct/2019:15:30:17 +0000] "GET /owner HTTP/1.1" 304 - "http://localhost:4200/" "Mozilla/5.0 (Windows NT 6.3; Win64; x64) AppleWebKit/537.36 (KHTML, like Gecko) Chrome/77.0.3865.90 Safari/537.36"
::1 - - [03/Oct/2019:15:30:24 +0000] "GET /owner HTTP/1.1" 304 - "http://localhost:4200/" "Mozilla/5.0 (Windows NT 6.3; Win64; x64) AppleWebKit/537.36 (KHTML, like Gecko) Chrome/77.0.3865.90 Safari/537.36"
::1 - - [03/Oct/2019:15:30:46 +0000] "GET /owner HTTP/1.1" 304 - "http://localhost:4200/" "Mozilla/5.0 (Windows NT 6.3; Win64; x64) AppleWebKit/537.36 (KHTML, like Gecko) Chrome/77.0.3865.90 Safari/537.36"
::1 - - [03/Oct/2019:15:30:51 +0000] "GET /pets HTTP/1.1" 304 - "http://localhost:4200/pets" "Mozilla/5.0 (Windows NT 6.3; Win64; x64) AppleWebKit/537.36 (KHTML, like Gecko) Chrome/77.0.3865.90 Safari/537.36"
::1 - - [03/Oct/2019:15:32:35 +0000] "GET /pets HTTP/1.1" 304 - "http://localhost:4200/pets" "Mozilla/5.0 (Windows NT 6.3; Win64; x64) AppleWebKit/537.36 (KHTML, like Gecko) Chrome/77.0.3865.90 Safari/537.36"
::1 - - [03/Oct/2019:15:32:50 +0000] "GET /owner HTTP/1.1" 304 - "http://localhost:4200/" "Mozilla/5.0 (Windows NT 6.3; Win64; x64) AppleWebKit/537.36 (KHTML, like Gecko) Chrome/77.0.3865.90 Safari/537.36"
::1 - - [03/Oct/2019:15:32:52 +0000] "GET /pets HTTP/1.1" 304 - "http://localhost:4200/pets" "Mozilla/5.0 (Windows NT 6.3; Win64; x64) AppleWebKit/537.36 (KHTML, like Gecko) Chrome/77.0.3865.90 Safari/537.36"
::1 - - [03/Oct/2019:15:33:15 +0000] "GET /pets HTTP/1.1" 304 - "http://localhost:4200/pets" "Mozilla/5.0 (Windows NT 6.3; Win64; x64) AppleWebKit/537.36 (KHTML, like Gecko) Chrome/77.0.3865.90 Safari/537.36"
::1 - - [03/Oct/2019:15:33:21 +0000] "GET /owner HTTP/1.1" 304 - "http://localhost:4200/" "Mozilla/5.0 (Windows NT 6.3; Win64; x64) AppleWebKit/537.36 (KHTML, like Gecko) Chrome/77.0.3865.90 Safari/537.36"
::1 - - [03/Oct/2019:15:33:24 +0000] "GET /owner/2 HTTP/1.1" 304 - "http://localhost:4200/owner/2" "Mozilla/5.0 (Windows NT 6.3; Win64; x64) AppleWebKit/537.36 (KHTML, like Gecko) Chrome/77.0.3865.90 Safari/537.36"
::1 - - [03/Oct/2019:15:33:25 +0000] "GET /owner HTTP/1.1" 304 - "http://localhost:4200/" "Mozilla/5.0 (Windows NT 6.3; Win64; x64) AppleWebKit/537.36 (KHTML, like Gecko) Chrome/77.0.3865.90 Safari/537.36"
::1 - - [03/Oct/2019:15:33:26 +0000] "GET /owner/1 HTTP/1.1" 304 - "http://localhost:4200/owner/1" "Mozilla/5.0 (Windows NT 6.3; Win64; x64) AppleWebKit/537.36 (KHTML, like Gecko) Chrome/77.0.3865.90 Safari/537.36"
::1 - - [03/Oct/2019:15:33:27 +0000] "GET /owner HTTP/1.1" 304 - "http://localhost:4200/" "Mozilla/5.0 (Windows NT 6.3; Win64; x64) AppleWebKit/537.36 (KHTML, like Gecko) Chrome/77.0.3865.90 Safari/537.36"
::1 - - [03/Oct/2019:15:34:15 +0000] "GET /owner/1 HTTP/1.1" 304 - "http://localhost:4200/owner/1" "Mozilla/5.0 (Windows NT 6.3; Win64; x64) AppleWebKit/537.36 (KHTML, like Gecko) Chrome/77.0.3865.90 Safari/537.36"
::1 - - [03/Oct/2019:15:34:51 +0000] "GET /owner/1 HTTP/1.1" 304 - "http://localhost:4200/owner/1" "Mozilla/5.0 (Windows NT 6.3; Win64; x64) AppleWebKit/537.36 (KHTML, like Gecko) Chrome/77.0.3865.90 Safari/537.36"
::1 - - [03/Oct/2019:15:34:55 +0000] "GET /owner HTTP/1.1" 304 - "http://localhost:4200/" "Mozilla/5.0 (Windows NT 6.3; Win64; x64) AppleWebKit/537.36 (KHTML, like Gecko) Chrome/77.0.3865.90 Safari/537.36"
::1 - - [03/Oct/2019:15:34:57 +0000] "GET /owner/1 HTTP/1.1" 304 - "http://localhost:4200/owner/1" "Mozilla/5.0 (Windows NT 6.3; Win64; x64) AppleWebKit/537.36 (KHTML, like Gecko) Chrome/77.0.3865.90 Safari/537.36"
::1 - - [03/Oct/2019:15:34:58 +0000] "GET /owner HTTP/1.1" 304 - "http://localhost:4200/" "Mozilla/5.0 (Windows NT 6.3; Win64; x64) AppleWebKit/537.36 (KHTML, like Gecko) Chrome/77.0.3865.90 Safari/537.36"
::1 - - [03/Oct/2019:15:34:59 +0000] "GET /owner/4 HTTP/1.1" 304 - "http://localhost:4200/owner/4" "Mozilla/5.0 (Windows NT 6.3; Win64; x64) AppleWebKit/537.36 (KHTML, like Gecko) Chrome/77.0.3865.90 Safari/537.36"
::1 - - [03/Oct/2019:15:35:02 +0000] "GET /owner HTTP/1.1" 304 - "http://localhost:4200/" "Mozilla/5.0 (Windows NT 6.3; Win64; x64) AppleWebKit/537.36 (KHTML, like Gecko) Chrome/77.0.3865.90 Safari/537.36"
::1 - - [03/Oct/2019:15:35:27 +0000] "GET /owner HTTP/1.1" 304 - "http://localhost:4200/" "Mozilla/5.0 (Windows NT 6.3; Win64; x64) AppleWebKit/537.36 (KHTML, like Gecko) Chrome/77.0.3865.90 Safari/537.36"
::1 - - [03/Oct/2019:15:35:37 +0000] "GET /owner HTTP/1.1" 304 - "http://localhost:4200/" "Mozilla/5.0 (Windows NT 6.3; Win64; x64) AppleWebKit/537.36 (KHTML, like Gecko) Chrome/77.0.3865.90 Safari/537.36"
::1 - - [03/Oct/2019:15:35:42 +0000] "GET /owner/4 HTTP/1.1" 304 - "http://localhost:4200/owner/4" "Mozilla/5.0 (Windows NT 6.3; Win64; x64) AppleWebKit/537.36 (KHTML, like Gecko) Chrome/77.0.3865.90 Safari/537.36"
::1 - - [03/Oct/2019:15:35:43 +0000] "GET /owner HTTP/1.1" 304 - "http://localhost:4200/" "Mozilla/5.0 (Windows NT 6.3; Win64; x64) AppleWebKit/537.36 (KHTML, like Gecko) Chrome/77.0.3865.90 Safari/537.36"
::1 - - [03/Oct/2019:15:35:45 +0000] "GET /owner/1 HTTP/1.1" 304 - "http://localhost:4200/owner/1" "Mozilla/5.0 (Windows NT 6.3; Win64; x64) AppleWebKit/537.36 (KHTML, like Gecko) Chrome/77.0.3865.90 Safari/537.36"
::1 - - [03/Oct/2019:15:35:46 +0000] "GET /owner HTTP/1.1" 304 - "http://localhost:4200/" "Mozilla/5.0 (Windows NT 6.3; Win64; x64) AppleWebKit/537.36 (KHTML, like Gecko) Chrome/77.0.3865.90 Safari/537.36"
::1 - - [03/Oct/2019:15:36:11 +0000] "GET /pets HTTP/1.1" 304 - "http://localhost:4200/pets" "Mozilla/5.0 (Windows NT 6.3; Win64; x64) AppleWebKit/537.36 (KHTML, like Gecko) Chrome/77.0.3865.90 Safari/537.36"
::1 - - [03/Oct/2019:15:36:17 +0000] "OPTIONS /pets HTTP/1.1" 204 0 "http://localhost:4200/pets" "Mozilla/5.0 (Windows NT 6.3; Win64; x64) AppleWebKit/537.36 (KHTML, like Gecko) Chrome/77.0.3865.90 Safari/537.36"
::1 - - [03/Oct/2019:15:36:17 +0000] "PUT /pets HTTP/1.1" 200 17 "http://localhost:4200/pets" "Mozilla/5.0 (Windows NT 6.3; Win64; x64) AppleWebKit/537.36 (KHTML, like Gecko) Chrome/77.0.3865.90 Safari/537.36"
::1 - - [03/Oct/2019:15:39:28 +0000] "GET /owner HTTP/1.1" 304 - "http://localhost:4200/" "Mozilla/5.0 (Windows NT 6.3; Win64; x64) AppleWebKit/537.36 (KHTML, like Gecko) Chrome/77.0.3865.90 Safari/537.36"
::1 - - [03/Oct/2019:15:39:35 +0000] "GET /owner/4 HTTP/1.1" 304 - "http://localhost:4200/owner/4" "Mozilla/5.0 (Windows NT 6.3; Win64; x64) AppleWebKit/537.36 (KHTML, like Gecko) Chrome/77.0.3865.90 Safari/537.36"
::1 - - [03/Oct/2019:15:39:37 +0000] "GET /owner HTTP/1.1" 304 - "http://localhost:4200/" "Mozilla/5.0 (Windows NT 6.3; Win64; x64) AppleWebKit/537.36 (KHTML, like Gecko) Chrome/77.0.3865.90 Safari/537.36"
::1 - - [03/Oct/2019:15:39:37 +0000] "GET /owner/1 HTTP/1.1" 304 - "http://localhost:4200/owner/1" "Mozilla/5.0 (Windows NT 6.3; Win64; x64) AppleWebKit/537.36 (KHTML, like Gecko) Chrome/77.0.3865.90 Safari/537.36"
::1 - - [03/Oct/2019:15:39:38 +0000] "GET /owner HTTP/1.1" 304 - "http://localhost:4200/" "Mozilla/5.0 (Windows NT 6.3; Win64; x64) AppleWebKit/537.36 (KHTML, like Gecko) Chrome/77.0.3865.90 Safari/537.36"
::1 - - [03/Oct/2019:15:39:40 +0000] "GET /owner/3 HTTP/1.1" 304 - "http://localhost:4200/owner/3" "Mozilla/5.0 (Windows NT 6.3; Win64; x64) AppleWebKit/537.36 (KHTML, like Gecko) Chrome/77.0.3865.90 Safari/537.36"
::1 - - [03/Oct/2019:15:39:41 +0000] "GET /owner HTTP/1.1" 304 - "http://localhost:4200/" "Mozilla/5.0 (Windows NT 6.3; Win64; x64) AppleWebKit/537.36 (KHTML, like Gecko) Chrome/77.0.3865.90 Safari/537.36"
::1 - - [03/Oct/2019:15:39:42 +0000] "GET /pets HTTP/1.1" 200 400 "http://localhost:4200/pets" "Mozilla/5.0 (Windows NT 6.3; Win64; x64) AppleWebKit/537.36 (KHTML, like Gecko) Chrome/77.0.3865.90 Safari/537.36"
::1 - - [03/Oct/2019:15:40:08 +0000] "GET /owner HTTP/1.1" 304 - "http://localhost:4200/" "Mozilla/5.0 (Windows NT 6.3; Win64; x64) AppleWebKit/537.36 (KHTML, like Gecko) Chrome/77.0.3865.90 Safari/537.36"
