GET /owner 200 9.740 ms 557 {} - 557 - node-superagent/3.8.3
POST /pets 200 48.990 ms 17 {"name":"testPet","color":"red","breed":"lab","age":"12","type":"dog","ownedBy":"1"} 84 17 - node-superagent/3.8.3
POST /pets 422 1.321 ms 33 {"color":"red","breed":"lab","age":"12","type":"dog","ownedBy":"1"} 67 33 - node-superagent/3.8.3
POST /pets 422 0.565 ms 33 {"name":"test1","breed":"lab","age":"12","type":"dog","ownedBy":"1"} 68 33 - node-superagent/3.8.3
POST /pets 422 0.668 ms 33 {"name":"test1","color":"red","breed":"lab","type":"dog","ownedBy":"1"} 71 33 - node-superagent/3.8.3
POST /pets 422 0.716 ms 33 {"name":"test1","color":"red","age":"12","type":"dog","ownedBy":"1"} 68 33 - node-superagent/3.8.3
POST /pets 422 0.755 ms 33 {"name":"test1","breed":"lab","age":"12","color":"red","ownedBy":"1"} 69 33 - node-superagent/3.8.3
POST /pets 422 0.743 ms 33 {"name":"test1","breed":"lab","color":"red","age":"12","type":"qq","ownedBy":"1"} 81 33 - node-superagent/3.8.3
POST /pets 422 0.824 ms 33 {"name":"test1","breed":"lab","age":"12","type":"dog","color":"red"} 68 33 - node-superagent/3.8.3
GET /owner 200 13.839 ms 557 {} - 557 - node-superagent/3.8.3
GET /pets 500 2.765 ms 114 {} - 114 - node-superagent/3.8.3
POST /pets 200 35.086 ms 17 {"name":"testPet","color":"red","breed":"lab","age":"12","type":"dog","ownedBy":"1"} 84 17 - node-superagent/3.8.3
POST /pets 422 0.746 ms 33 {"color":"red","breed":"lab","age":"12","type":"dog","ownedBy":"1"} 67 33 - node-superagent/3.8.3
POST /pets 422 0.525 ms 33 {"name":"test1","breed":"lab","age":"12","type":"dog","ownedBy":"1"} 68 33 - node-superagent/3.8.3
POST /pets 422 0.482 ms 33 {"name":"test1","color":"red","breed":"lab","type":"dog","ownedBy":"1"} 71 33 - node-superagent/3.8.3
POST /pets 422 0.498 ms 33 {"name":"test1","color":"red","age":"12","type":"dog","ownedBy":"1"} 68 33 - node-superagent/3.8.3
POST /pets 422 0.488 ms 33 {"name":"test1","breed":"lab","age":"12","color":"red","ownedBy":"1"} 69 33 - node-superagent/3.8.3
POST /pets 422 0.743 ms 33 {"name":"test1","breed":"lab","color":"red","age":"12","type":"qq","ownedBy":"1"} 81 33 - node-superagent/3.8.3
POST /pets 422 0.586 ms 33 {"name":"test1","breed":"lab","age":"12","type":"dog","color":"red"} 68 33 - node-superagent/3.8.3
GET /owner 200 8.835 ms 557 {} - 557 - node-superagent/3.8.3
POST /pets 200 34.568 ms 17 {"name":"testPet","color":"red","breed":"lab","age":"12","type":"dog","ownedBy":"1"} 84 17 - node-superagent/3.8.3
POST /pets 422 2.389 ms 33 {"color":"red","breed":"lab","age":"12","type":"dog","ownedBy":"1"} 67 33 - node-superagent/3.8.3
POST /pets 422 0.612 ms 33 {"name":"test1","breed":"lab","age":"12","type":"dog","ownedBy":"1"} 68 33 - node-superagent/3.8.3
POST /pets 422 0.619 ms 33 {"name":"test1","color":"red","breed":"lab","type":"dog","ownedBy":"1"} 71 33 - node-superagent/3.8.3
POST /pets 422 0.639 ms 33 {"name":"test1","color":"red","age":"12","type":"dog","ownedBy":"1"} 68 33 - node-superagent/3.8.3
POST /pets 422 0.957 ms 33 {"name":"test1","breed":"lab","age":"12","color":"red","ownedBy":"1"} 69 33 - node-superagent/3.8.3
POST /pets 422 0.733 ms 33 {"name":"test1","breed":"lab","color":"red","age":"12","type":"qq","ownedBy":"1"} 81 33 - node-superagent/3.8.3
POST /pets 422 0.857 ms 33 {"name":"test1","breed":"lab","age":"12","type":"dog","color":"red"} 68 33 - node-superagent/3.8.3
GET /owner 200 10.282 ms 557 {} - 557 - node-superagent/3.8.3
GET /pets 500 3.024 ms 114 {} - 114 - node-superagent/3.8.3
POST /pets 200 29.238 ms 17 {"name":"testPet","color":"red","breed":"lab","age":"12","type":"dog","ownedBy":"1"} 84 17 - node-superagent/3.8.3
POST /pets 422 1.237 ms 33 {"color":"red","breed":"lab","age":"12","type":"dog","ownedBy":"1"} 67 33 - node-superagent/3.8.3
POST /pets 422 0.585 ms 33 {"name":"test1","breed":"lab","age":"12","type":"dog","ownedBy":"1"} 68 33 - node-superagent/3.8.3
POST /pets 422 0.532 ms 33 {"name":"test1","color":"red","breed":"lab","type":"dog","ownedBy":"1"} 71 33 - node-superagent/3.8.3
POST /pets 422 0.506 ms 33 {"name":"test1","color":"red","age":"12","type":"dog","ownedBy":"1"} 68 33 - node-superagent/3.8.3
POST /pets 422 0.513 ms 33 {"name":"test1","breed":"lab","age":"12","color":"red","ownedBy":"1"} 69 33 - node-superagent/3.8.3
POST /pets 422 0.751 ms 33 {"name":"test1","breed":"lab","color":"red","age":"12","type":"do","ownedBy":"1"} 81 33 - node-superagent/3.8.3
POST /pets 422 0.546 ms 33 {"name":"test1","breed":"lab","age":"12","type":"dog","color":"red"} 68 33 - node-superagent/3.8.3
GET /owner 200 8.796 ms 557 {} - 557 - node-superagent/3.8.3
POST /pets 200 46.353 ms 17 {"name":"testPet","color":"red","breed":"lab","age":"12","type":"dog","ownedBy":"1"} 84 17 - node-superagent/3.8.3
POST /pets 422 5.559 ms 33 {"color":"red","breed":"lab","age":"12","type":"dog","ownedBy":"1"} 67 33 - node-superagent/3.8.3
POST /pets 422 0.537 ms 33 {"name":"test1","breed":"lab","age":"12","type":"dog","ownedBy":"1"} 68 33 - node-superagent/3.8.3
POST /pets 422 0.941 ms 33 {"name":"test1","color":"red","breed":"lab","type":"dog","ownedBy":"1"} 71 33 - node-superagent/3.8.3
POST /pets 422 0.546 ms 33 {"name":"test1","color":"red","age":"12","type":"dog","ownedBy":"1"} 68 33 - node-superagent/3.8.3
POST /pets 422 0.521 ms 33 {"name":"test1","breed":"lab","age":"12","color":"red","ownedBy":"1"} 69 33 - node-superagent/3.8.3
POST /pets 422 0.521 ms 33 {"name":"test1","breed":"lab","color":"red","age":"12","type":"do","ownedBy":"1"} 81 33 - node-superagent/3.8.3
POST /pets 422 0.522 ms 33 {"name":"test1","breed":"lab","age":"12","type":"dog","color":"red"} 68 33 - node-superagent/3.8.3
GET /owner 200 8.955 ms 557 {} - 557 - node-superagent/3.8.3
GET /pets 500 2.356 ms 114 {} - 114 - node-superagent/3.8.3
POST /pets 200 32.477 ms 17 {"name":"testPet","color":"red","breed":"lab","age":"12","type":"dog","ownedBy":"1"} 84 17 - node-superagent/3.8.3
POST /pets 422 0.869 ms 33 {"color":"red","breed":"lab","age":"12","type":"dog","ownedBy":"1"} 67 33 - node-superagent/3.8.3
POST /pets 422 0.515 ms 33 {"name":"test1","breed":"lab","age":"12","type":"dog","ownedBy":"1"} 68 33 - node-superagent/3.8.3
POST /pets 422 0.503 ms 33 {"name":"test1","color":"red","breed":"lab","type":"dog","ownedBy":"1"} 71 33 - node-superagent/3.8.3
POST /pets 422 0.687 ms 33 {"name":"test1","color":"red","age":"12","type":"dog","ownedBy":"1"} 68 33 - node-superagent/3.8.3
POST /pets 422 0.521 ms 33 {"name":"test1","breed":"lab","age":"12","color":"red","ownedBy":"1"} 69 33 - node-superagent/3.8.3
POST /pets 422 0.660 ms 33 {"name":"test1","breed":"lab","color":"red","age":"12","type":"do","ownedBy":"1"} 81 33 - node-superagent/3.8.3
POST /pets 422 0.499 ms 33 {"name":"test1","breed":"lab","age":"12","type":"dog","color":"red"} 68 33 - node-superagent/3.8.3
GET /owner 200 9.063 ms 557 {} - 557 - node-superagent/3.8.3
POST /pets 200 35.432 ms 17 {"name":"testPet","color":"red","breed":"lab","age":"12","type":"dog","ownedBy":"1"} 84 17 - node-superagent/3.8.3
POST /pets 422 2.195 ms 33 {"color":"red","breed":"lab","age":"12","type":"dog","ownedBy":"1"} 67 33 - node-superagent/3.8.3
POST /pets 422 0.550 ms 33 {"name":"test1","breed":"lab","age":"12","type":"dog","ownedBy":"1"} 68 33 - node-superagent/3.8.3
POST /pets 422 0.509 ms 33 {"name":"test1","color":"red","breed":"lab","type":"dog","ownedBy":"1"} 71 33 - node-superagent/3.8.3
POST /pets 422 0.746 ms 33 {"name":"test1","color":"red","age":"12","type":"dog","ownedBy":"1"} 68 33 - node-superagent/3.8.3
POST /pets 422 0.603 ms 33 {"name":"test1","breed":"lab","age":"12","color":"red","ownedBy":"1"} 69 33 - node-superagent/3.8.3
POST /pets 422 0.621 ms 33 {"name":"test1","breed":"lab","color":"red","age":"12","type":"do","ownedBy":"1"} 81 33 - node-superagent/3.8.3
POST /pets 422 0.599 ms 33 {"name":"test1","breed":"lab","age":"12","type":"dog","color":"red"} 68 33 - node-superagent/3.8.3
GET /owner 200 12.182 ms 557 {} - 557 - node-superagent/3.8.3
GET /pets 500 3.531 ms 114 {} - 114 - node-superagent/3.8.3
POST /pets 200 26.971 ms 17 {"name":"testPet","color":"red","breed":"lab","age":"12","type":"dog","ownedBy":"1"} 84 17 - node-superagent/3.8.3
POST /pets 422 0.990 ms 33 {"color":"red","breed":"lab","age":"12","type":"dog","ownedBy":"1"} 67 33 - node-superagent/3.8.3
POST /pets 422 0.685 ms 33 {"name":"test1","breed":"lab","age":"12","type":"dog","ownedBy":"1"} 68 33 - node-superagent/3.8.3
POST /pets 422 0.479 ms 33 {"name":"test1","color":"red","breed":"lab","type":"dog","ownedBy":"1"} 71 33 - node-superagent/3.8.3
POST /pets 422 0.534 ms 33 {"name":"test1","color":"red","age":"12","type":"dog","ownedBy":"1"} 68 33 - node-superagent/3.8.3
POST /pets 422 0.740 ms 33 {"name":"test1","breed":"lab","age":"12","color":"red","ownedBy":"1"} 69 33 - node-superagent/3.8.3
POST /pets 422 0.557 ms 33 {"name":"test1","breed":"lab","color":"red","age":"12","type":"do","ownedBy":"1"} 81 33 - node-superagent/3.8.3
POST /pets 422 0.526 ms 33 {"name":"test1","breed":"lab","age":"12","type":"dog","color":"red"} 68 33 - node-superagent/3.8.3
GET /owner 200 9.443 ms 557 {} - 557 - node-superagent/3.8.3
GET /pets 500 3.660 ms 114 {} - 114 - node-superagent/3.8.3
POST /pets 200 29.522 ms 17 {"name":"testPet","color":"red","breed":"lab","age":"12","type":"dog","ownedBy":"1"} 84 17 - node-superagent/3.8.3
POST /pets 422 0.957 ms 33 {"color":"red","breed":"lab","age":"12","type":"dog","ownedBy":"1"} 67 33 - node-superagent/3.8.3
POST /pets 422 0.640 ms 33 {"name":"test1","breed":"lab","age":"12","type":"dog","ownedBy":"1"} 68 33 - node-superagent/3.8.3
POST /pets 422 0.488 ms 33 {"name":"test1","color":"red","breed":"lab","type":"dog","ownedBy":"1"} 71 33 - node-superagent/3.8.3
POST /pets 422 0.500 ms 33 {"name":"test1","color":"red","age":"12","type":"dog","ownedBy":"1"} 68 33 - node-superagent/3.8.3
POST /pets 422 0.824 ms 33 {"name":"test1","breed":"lab","age":"12","color":"red","ownedBy":"1"} 69 33 - node-superagent/3.8.3
POST /pets 422 0.537 ms 33 {"name":"test1","breed":"lab","color":"red","age":"12","type":"do","ownedBy":"1"} 81 33 - node-superagent/3.8.3
POST /pets 422 0.498 ms 33 {"name":"test1","breed":"lab","age":"12","type":"dog","color":"red"} 68 33 - node-superagent/3.8.3
GET /owner 200 8.840 ms 557 {} - 557 - node-superagent/3.8.3
GET /pets 500 2.326 ms 114 {} - 114 - node-superagent/3.8.3
POST /pets 200 32.358 ms 17 {"name":"testPet","color":"red","breed":"lab","age":"12","type":"dog","ownedBy":"1"} 84 17 - node-superagent/3.8.3
POST /pets 422 0.826 ms 33 {"color":"red","breed":"lab","age":"12","type":"dog","ownedBy":"1"} 67 33 - node-superagent/3.8.3
POST /pets 422 0.512 ms 33 {"name":"test1","breed":"lab","age":"12","type":"dog","ownedBy":"1"} 68 33 - node-superagent/3.8.3
POST /pets 422 0.487 ms 33 {"name":"test1","color":"red","breed":"lab","type":"dog","ownedBy":"1"} 71 33 - node-superagent/3.8.3
POST /pets 422 0.494 ms 33 {"name":"test1","color":"red","age":"12","type":"dog","ownedBy":"1"} 68 33 - node-superagent/3.8.3
POST /pets 422 0.540 ms 33 {"name":"test1","breed":"lab","age":"12","color":"red","ownedBy":"1"} 69 33 - node-superagent/3.8.3
POST /pets 422 0.520 ms 33 {"name":"test1","breed":"lab","color":"red","age":"12","type":"do","ownedBy":"1"} 81 33 - node-superagent/3.8.3
POST /pets 422 0.507 ms 33 {"name":"test1","breed":"lab","age":"12","type":"dog","color":"red"} 68 33 - node-superagent/3.8.3
GET /owner/1 200 2.448 ms 106 {"name":"test1","breed":"lab","age":"12","type":"dog","color":"red","ownedBy":"1"} 82 106 - node-superagent/3.8.3
GET /owner 200 8.989 ms 557 {} - 557 - node-superagent/3.8.3
GET /pets 500 2.453 ms 114 {} - 114 - node-superagent/3.8.3
POST /pets 200 25.805 ms 17 {"name":"testPet","color":"red","breed":"lab","age":"12","type":"dog","ownedBy":"1"} 84 17 - node-superagent/3.8.3
POST /pets 422 0.664 ms 33 {"color":"red","breed":"lab","age":"12","type":"dog","ownedBy":"1"} 67 33 - node-superagent/3.8.3
POST /pets 422 0.515 ms 33 {"name":"test1","breed":"lab","age":"12","type":"dog","ownedBy":"1"} 68 33 - node-superagent/3.8.3
POST /pets 422 0.669 ms 33 {"name":"test1","color":"red","breed":"lab","type":"dog","ownedBy":"1"} 71 33 - node-superagent/3.8.3
POST /pets 422 0.531 ms 33 {"name":"test1","color":"red","age":"12","type":"dog","ownedBy":"1"} 68 33 - node-superagent/3.8.3
POST /pets 422 0.522 ms 33 {"name":"test1","breed":"lab","age":"12","color":"red","ownedBy":"1"} 69 33 - node-superagent/3.8.3
POST /pets 422 0.537 ms 33 {"name":"test1","breed":"lab","color":"red","age":"12","type":"do","ownedBy":"1"} 81 33 - node-superagent/3.8.3
POST /pets 422 0.815 ms 33 {"name":"test1","breed":"lab","age":"12","type":"dog","color":"red"} 68 33 - node-superagent/3.8.3
GET /owner/1 200 2.723 ms 106 {"name":"test1","breed":"lab","age":"12","type":"dog","color":"red","ownedBy":"1"} 82 106 - node-superagent/3.8.3
GET /owner/8 200 3.737 ms 2 {"name":"test1","breed":"lab","age":"12","type":"dog","color":"red","ownedBy":"8"} 82 2 - node-superagent/3.8.3
GET /owner/2 200 44.321 ms 2 {"id":"7im9m921kpk6","name":"aaaaa","age":"1","breed":"abcd","type":"cat","color":"aa"} 87 2 - PostmanRuntime/7.17.1
GET /owner 200 11.143 ms 557 {} - 557 - node-superagent/3.8.3
GET /pets 500 3.787 ms 114 {} - 114 - node-superagent/3.8.3
POST /pets 200 34.772 ms 17 {"name":"testPet","color":"red","breed":"lab","age":"12","type":"dog","ownedBy":"1"} 84 17 - node-superagent/3.8.3
POST /pets 422 0.939 ms 33 {"color":"red","breed":"lab","age":"12","type":"dog","ownedBy":"1"} 67 33 - node-superagent/3.8.3
POST /pets 422 0.688 ms 33 {"name":"test1","breed":"lab","age":"12","type":"dog","ownedBy":"1"} 68 33 - node-superagent/3.8.3
POST /pets 422 0.700 ms 33 {"name":"test1","color":"red","breed":"lab","type":"dog","ownedBy":"1"} 71 33 - node-superagent/3.8.3
POST /pets 422 0.502 ms 33 {"name":"test1","color":"red","age":"12","type":"dog","ownedBy":"1"} 68 33 - node-superagent/3.8.3
POST /pets 422 0.716 ms 33 {"name":"test1","breed":"lab","age":"12","color":"red","ownedBy":"1"} 69 33 - node-superagent/3.8.3
POST /pets 422 0.506 ms 33 {"name":"test1","breed":"lab","color":"red","age":"12","type":"do","ownedBy":"1"} 81 33 - node-superagent/3.8.3
POST /pets 422 0.499 ms 33 {"name":"test1","breed":"lab","age":"12","type":"dog","color":"red"} 68 33 - node-superagent/3.8.3
GET /owner/1 200 2.377 ms 106 {"name":"test1","breed":"lab","age":"12","type":"dog","color":"red","ownedBy":"1"} 82 106 - node-superagent/3.8.3
GET /owner/8 200 1.322 ms 2 {"name":"test1","breed":"lab","age":"12","type":"dog","color":"red","ownedBy":"8"} 82 2 - node-superagent/3.8.3
GET /owner 200 11.973 ms 557 {} - 557 - node-superagent/3.8.3
GET /pets 500 4.235 ms 114 {} - 114 - node-superagent/3.8.3
POST /pets 200 27.392 ms 17 {"name":"testPet","color":"red","breed":"lab","age":"12","type":"dog","ownedBy":"1"} 84 17 - node-superagent/3.8.3
POST /pets 422 0.986 ms 33 {"color":"red","breed":"lab","age":"12","type":"dog","ownedBy":"1"} 67 33 - node-superagent/3.8.3
POST /pets 422 0.770 ms 33 {"name":"test1","breed":"lab","age":"12","type":"dog","ownedBy":"1"} 68 33 - node-superagent/3.8.3
POST /pets 422 0.504 ms 33 {"name":"test1","color":"red","breed":"lab","type":"dog","ownedBy":"1"} 71 33 - node-superagent/3.8.3
POST /pets 422 0.483 ms 33 {"name":"test1","color":"red","age":"12","type":"dog","ownedBy":"1"} 68 33 - node-superagent/3.8.3
POST /pets 422 0.525 ms 33 {"name":"test1","breed":"lab","age":"12","color":"red","ownedBy":"1"} 69 33 - node-superagent/3.8.3
POST /pets 422 0.525 ms 33 {"name":"test1","breed":"lab","color":"red","age":"12","type":"do","ownedBy":"1"} 81 33 - node-superagent/3.8.3
POST /pets 422 0.731 ms 33 {"name":"test1","breed":"lab","age":"12","type":"dog","color":"red"} 68 33 - node-superagent/3.8.3
GET /owner/1 200 2.387 ms 105 {"name":"test1","breed":"lab","age":"12","type":"dog","color":"red","ownedBy":"1"} 82 105 - node-superagent/3.8.3
GET /owner/8 200 1.664 ms 2 {"name":"test1","breed":"lab","age":"12","type":"dog","color":"red","ownedBy":"8"} 82 2 - node-superagent/3.8.3
GET /owner 200 8.889 ms 557 {} - 557 - node-superagent/3.8.3
GET /pets 500 2.515 ms 114 {} - 114 - node-superagent/3.8.3
POST /pets 200 28.443 ms 17 {"name":"testPet","color":"red","breed":"lab","age":"12","type":"dog","ownedBy":"1"} 84 17 - node-superagent/3.8.3
POST /pets 422 0.708 ms 33 {"color":"red","breed":"lab","age":"12","type":"dog","ownedBy":"1"} 67 33 - node-superagent/3.8.3
POST /pets 422 1.037 ms 33 {"name":"test1","breed":"lab","age":"12","type":"dog","ownedBy":"1"} 68 33 - node-superagent/3.8.3
POST /pets 422 0.504 ms 33 {"name":"test1","color":"red","breed":"lab","type":"dog","ownedBy":"1"} 71 33 - node-superagent/3.8.3
POST /pets 422 0.632 ms 33 {"name":"test1","color":"red","age":"12","type":"dog","ownedBy":"1"} 68 33 - node-superagent/3.8.3
POST /pets 422 0.487 ms 33 {"name":"test1","breed":"lab","age":"12","color":"red","ownedBy":"1"} 69 33 - node-superagent/3.8.3
POST /pets 422 0.556 ms 33 {"name":"test1","breed":"lab","color":"red","age":"12","type":"do","ownedBy":"1"} 81 33 - node-superagent/3.8.3
POST /pets 422 0.691 ms 33 {"name":"test1","breed":"lab","age":"12","type":"dog","color":"red"} 68 33 - node-superagent/3.8.3
GET /owner/1 200 3.486 ms 106 {"name":"test1","breed":"lab","age":"12","type":"dog","color":"red","ownedBy":"1"} 82 106 - node-superagent/3.8.3
GET /owner/8 200 1.276 ms 2 {"name":"test1","breed":"lab","age":"12","type":"dog","color":"red","ownedBy":"8"} 82 2 - node-superagent/3.8.3
GET /owner 200 12.726 ms 557 {} - 557 - node-superagent/3.8.3
GET /pets 500 5.142 ms 114 {} - 114 - node-superagent/3.8.3
POST /pets 200 29.880 ms 17 {"name":"testPet","color":"red","breed":"lab","age":"12","type":"dog","ownedBy":"1"} 84 17 - node-superagent/3.8.3
POST /pets 422 0.955 ms 33 {"color":"red","breed":"lab","age":"12","type":"dog","ownedBy":"1"} 67 33 - node-superagent/3.8.3
POST /pets 422 0.530 ms 33 {"name":"test1","breed":"lab","age":"12","type":"dog","ownedBy":"1"} 68 33 - node-superagent/3.8.3
POST /pets 422 0.580 ms 33 {"name":"test1","color":"red","breed":"lab","type":"dog","ownedBy":"1"} 71 33 - node-superagent/3.8.3
POST /pets 422 0.834 ms 33 {"name":"test1","color":"red","age":"12","type":"dog","ownedBy":"1"} 68 33 - node-superagent/3.8.3
POST /pets 422 1.054 ms 33 {"name":"test1","breed":"lab","age":"12","color":"red","ownedBy":"1"} 69 33 - node-superagent/3.8.3
POST /pets 422 0.531 ms 33 {"name":"test1","breed":"lab","color":"red","age":"12","type":"do","ownedBy":"1"} 81 33 - node-superagent/3.8.3
POST /pets 422 0.780 ms 33 {"name":"test1","breed":"lab","age":"12","type":"dog","color":"red"} 68 33 - node-superagent/3.8.3
GET /owner/1 200 2.362 ms 106 {"name":"test1","breed":"lab","age":"12","type":"dog","color":"red","ownedBy":"1"} 82 106 - node-superagent/3.8.3
GET /owner/8 200 1.524 ms 2 {"name":"test1","breed":"lab","age":"12","type":"dog","color":"red","ownedBy":"8"} 82 2 - node-superagent/3.8.3
PUT /pet/1 404 1.594 ms 144 {"pet":{"id":"1","name":"test1","breed":"lab","age":"12","type":"dog","color":"red","ownedBy":"8"}} 99 144 - node-superagent/3.8.3
GET /owner 200 12.487 ms 557 {} - 557 - node-superagent/3.8.3
GET /pets 500 3.719 ms 114 {} - 114 - node-superagent/3.8.3
POST /pets 200 36.003 ms 17 {"name":"testPet","color":"red","breed":"lab","age":"12","type":"dog","ownedBy":"1"} 84 17 - node-superagent/3.8.3
POST /pets 422 1.260 ms 33 {"color":"red","breed":"lab","age":"12","type":"dog","ownedBy":"1"} 67 33 - node-superagent/3.8.3
POST /pets 422 0.762 ms 33 {"name":"test1","breed":"lab","age":"12","type":"dog","ownedBy":"1"} 68 33 - node-superagent/3.8.3
POST /pets 422 1.060 ms 33 {"name":"test1","color":"red","breed":"lab","type":"dog","ownedBy":"1"} 71 33 - node-superagent/3.8.3
POST /pets 422 0.770 ms 33 {"name":"test1","color":"red","age":"12","type":"dog","ownedBy":"1"} 68 33 - node-superagent/3.8.3
POST /pets 422 0.730 ms 33 {"name":"test1","breed":"lab","age":"12","color":"red","ownedBy":"1"} 69 33 - node-superagent/3.8.3
POST /pets 422 0.580 ms 33 {"name":"test1","breed":"lab","color":"red","age":"12","type":"do","ownedBy":"1"} 81 33 - node-superagent/3.8.3
POST /pets 422 0.505 ms 33 {"name":"test1","breed":"lab","age":"12","type":"dog","color":"red"} 68 33 - node-superagent/3.8.3
GET /owner/1 200 2.717 ms 105 {"name":"test1","breed":"lab","age":"12","type":"dog","color":"red","ownedBy":"1"} 82 105 - node-superagent/3.8.3
GET /owner/8 200 1.409 ms 2 {"name":"test1","breed":"lab","age":"12","type":"dog","color":"red","ownedBy":"8"} 82 2 - node-superagent/3.8.3
PUT /pet/1 404 1.722 ms 144 {"pet":{"id":"1","name":"test1","breed":"lab","age":"12","type":"dog","color":"red","ownedBy":"8"}} 99 144 - node-superagent/3.8.3
GET /owner 200 9.553 ms 557 {} - 557 - node-superagent/3.8.3
GET /pets 500 3.543 ms 114 {} - 114 - node-superagent/3.8.3
POST /pets 200 28.460 ms 17 {"name":"testPet","color":"red","breed":"lab","age":"12","type":"dog","ownedBy":"1"} 84 17 - node-superagent/3.8.3
POST /pets 422 0.737 ms 33 {"color":"red","breed":"lab","age":"12","type":"dog","ownedBy":"1"} 67 33 - node-superagent/3.8.3
POST /pets 422 0.551 ms 33 {"name":"test1","breed":"lab","age":"12","type":"dog","ownedBy":"1"} 68 33 - node-superagent/3.8.3
POST /pets 422 0.647 ms 33 {"name":"test1","color":"red","breed":"lab","type":"dog","ownedBy":"1"} 71 33 - node-superagent/3.8.3
POST /pets 422 0.506 ms 33 {"name":"test1","color":"red","age":"12","type":"dog","ownedBy":"1"} 68 33 - node-superagent/3.8.3
POST /pets 422 0.540 ms 33 {"name":"test1","breed":"lab","age":"12","color":"red","ownedBy":"1"} 69 33 - node-superagent/3.8.3
POST /pets 422 0.563 ms 33 {"name":"test1","breed":"lab","color":"red","age":"12","type":"do","ownedBy":"1"} 81 33 - node-superagent/3.8.3
POST /pets 422 0.581 ms 33 {"name":"test1","breed":"lab","age":"12","type":"dog","color":"red"} 68 33 - node-superagent/3.8.3
GET /owner/1 200 2.489 ms 106 {"name":"test1","breed":"lab","age":"12","type":"dog","color":"red","ownedBy":"1"} 82 106 - node-superagent/3.8.3
GET /owner/8 200 1.963 ms 2 {"name":"test1","breed":"lab","age":"12","type":"dog","color":"red","ownedBy":"8"} 82 2 - node-superagent/3.8.3
PUT /pets/1 422 1.074 ms 33 {"pet":{"id":"1","name":"test1","breed":"lab","age":"12","type":"dog","color":"red","ownedBy":"8"}} 99 33 - node-superagent/3.8.3
GET /owner 200 12.024 ms 557 {} - 557 - node-superagent/3.8.3
GET /pets 500 3.160 ms 114 {} - 114 - node-superagent/3.8.3
POST /pets 200 30.784 ms 17 {"name":"testPet","color":"red","breed":"lab","age":"12","type":"dog","ownedBy":"1"} 84 17 - node-superagent/3.8.3
POST /pets 422 1.435 ms 33 {"color":"red","breed":"lab","age":"12","type":"dog","ownedBy":"1"} 67 33 - node-superagent/3.8.3
POST /pets 422 0.506 ms 33 {"name":"test1","breed":"lab","age":"12","type":"dog","ownedBy":"1"} 68 33 - node-superagent/3.8.3
POST /pets 422 0.523 ms 33 {"name":"test1","color":"red","breed":"lab","type":"dog","ownedBy":"1"} 71 33 - node-superagent/3.8.3
POST /pets 422 0.515 ms 33 {"name":"test1","color":"red","age":"12","type":"dog","ownedBy":"1"} 68 33 - node-superagent/3.8.3
POST /pets 422 0.818 ms 33 {"name":"test1","breed":"lab","age":"12","color":"red","ownedBy":"1"} 69 33 - node-superagent/3.8.3
POST /pets 422 0.501 ms 33 {"name":"test1","breed":"lab","color":"red","age":"12","type":"do","ownedBy":"1"} 81 33 - node-superagent/3.8.3
POST /pets 422 0.490 ms 33 {"name":"test1","breed":"lab","age":"12","type":"dog","color":"red"} 68 33 - node-superagent/3.8.3
GET /owner/1 200 2.488 ms 105 {"name":"test1","breed":"lab","age":"12","type":"dog","color":"red","ownedBy":"1"} 82 105 - node-superagent/3.8.3
GET /owner/8 200 2.039 ms 2 {"name":"test1","breed":"lab","age":"12","type":"dog","color":"red","ownedBy":"8"} 82 2 - node-superagent/3.8.3
PUT /pets/1 422 0.730 ms 33 {"pet":{"id":"1","name":"test1","breed":"lab","age":"12","type":"dog","color":"red","ownedBy":"8"}} 99 33 - node-superagent/3.8.3
PUT /pets1 404 1.558 ms 144 {"id":"1","color":"red","breed":"lab","age":"12","type":"dog","ownedBy":"1"} 76 144 - node-superagent/3.8.3
PUT /pets1 404 0.129 ms 144 {"id":"1","name":"test1","breed":"lab","age":"12","type":"dog","ownedBy":"1"} 77 144 - node-superagent/3.8.3
PUT /petsundefined 404 0.076 ms 152 {"name":"test1","color":"red","breed":"lab","type":"dog","ownedBy":"1"} 71 152 - node-superagent/3.8.3
PUT /pets1 404 0.070 ms 144 {"id":"1","name":"test1","color":"red","age":"12","type":"dog","ownedBy":"1"} 77 144 - node-superagent/3.8.3
PUT /pets1 404 0.078 ms 144 {"id":"1","name":"test1","breed":"lab","age":"12","color":"red","ownedBy":"1"} 78 144 - node-superagent/3.8.3
PUT /pets1 404 0.080 ms 144 {"id":"1","name":"test1","breed":"lab","color":"red","age":"12","type":"do","ownedBy":"1"} 90 144 - node-superagent/3.8.3
PUT /petsundefined 404 0.100 ms 152 {"name":"test1","breed":"lab","age":"12","type":"dog","color":"red"} 68 152 - node-superagent/3.8.3
GET /owner 200 10.014 ms 557 {} - 557 - node-superagent/3.8.3
GET /pets 500 2.855 ms 114 {} - 114 - node-superagent/3.8.3
POST /pets 200 32.941 ms 17 {"name":"testPet","color":"red","breed":"lab","age":"12","type":"dog","ownedBy":"1"} 84 17 - node-superagent/3.8.3
POST /pets 422 0.969 ms 33 {"color":"red","breed":"lab","age":"12","type":"dog","ownedBy":"1"} 67 33 - node-superagent/3.8.3
POST /pets 422 1.237 ms 33 {"name":"test1","breed":"lab","age":"12","type":"dog","ownedBy":"1"} 68 33 - node-superagent/3.8.3
POST /pets 422 0.514 ms 33 {"name":"test1","color":"red","breed":"lab","type":"dog","ownedBy":"1"} 71 33 - node-superagent/3.8.3
POST /pets 422 0.636 ms 33 {"name":"test1","color":"red","age":"12","type":"dog","ownedBy":"1"} 68 33 - node-superagent/3.8.3
POST /pets 422 0.505 ms 33 {"name":"test1","breed":"lab","age":"12","color":"red","ownedBy":"1"} 69 33 - node-superagent/3.8.3
POST /pets 422 0.501 ms 33 {"name":"test1","breed":"lab","color":"red","age":"12","type":"do","ownedBy":"1"} 81 33 - node-superagent/3.8.3
POST /pets 422 0.663 ms 33 {"name":"test1","breed":"lab","age":"12","type":"dog","color":"red"} 68 33 - node-superagent/3.8.3
GET /owner/1 200 2.245 ms 106 {"name":"test1","breed":"lab","age":"12","type":"dog","color":"red","ownedBy":"1"} 82 106 - node-superagent/3.8.3
GET /owner/8 200 1.319 ms 2 {"name":"test1","breed":"lab","age":"12","type":"dog","color":"red","ownedBy":"8"} 82 2 - node-superagent/3.8.3
PUT /pets/1 422 0.723 ms 33 {"pet":{"id":"1","name":"test1","breed":"lab","age":"12","type":"dog","color":"red","ownedBy":"8"}} 99 33 - node-superagent/3.8.3
PUT /pets/1 422 0.728 ms 33 {"id":"1","color":"red","breed":"lab","age":"12","type":"dog","ownedBy":"1"} 76 33 - node-superagent/3.8.3
PUT /pets/1 422 0.508 ms 33 {"id":"1","name":"test1","breed":"lab","age":"12","type":"dog","ownedBy":"1"} 77 33 - node-superagent/3.8.3
PUT /pets/undefined 422 0.749 ms 33 {"name":"test1","color":"red","breed":"lab","type":"dog","ownedBy":"1"} 71 33 - node-superagent/3.8.3
PUT /pets/1 422 0.535 ms 33 {"id":"1","name":"test1","color":"red","age":"12","type":"dog","ownedBy":"1"} 77 33 - node-superagent/3.8.3
PUT /pets/1 422 0.608 ms 33 {"id":"1","name":"test1","breed":"lab","age":"12","color":"red","ownedBy":"1"} 78 33 - node-superagent/3.8.3
PUT /pets/1 422 0.514 ms 33 {"id":"1","name":"test1","breed":"lab","color":"red","age":"12","type":"do","ownedBy":"1"} 90 33 - node-superagent/3.8.3
PUT /pets/undefined 422 0.823 ms 33 {"name":"test1","breed":"lab","age":"12","type":"dog","color":"red"} 68 33 - node-superagent/3.8.3
GET /owner 200 11.426 ms 557 {} - 557 - node-superagent/3.8.3
POST /pets 200 27.068 ms 17 {"name":"testPet","color":"red","breed":"lab","age":"12","type":"dog","ownedBy":"1"} 84 17 - node-superagent/3.8.3
POST /pets 422 1.023 ms 33 {"color":"red","breed":"lab","age":"12","type":"dog","ownedBy":"1"} 67 33 - node-superagent/3.8.3
POST /pets 422 0.554 ms 33 {"name":"test1","breed":"lab","age":"12","type":"dog","ownedBy":"1"} 68 33 - node-superagent/3.8.3
POST /pets 422 0.507 ms 33 {"name":"test1","color":"red","breed":"lab","type":"dog","ownedBy":"1"} 71 33 - node-superagent/3.8.3
POST /pets 422 0.547 ms 33 {"name":"test1","color":"red","age":"12","type":"dog","ownedBy":"1"} 68 33 - node-superagent/3.8.3
POST /pets 422 0.763 ms 33 {"name":"test1","breed":"lab","age":"12","color":"red","ownedBy":"1"} 69 33 - node-superagent/3.8.3
POST /pets 422 0.521 ms 33 {"name":"test1","breed":"lab","color":"red","age":"12","type":"do","ownedBy":"1"} 81 33 - node-superagent/3.8.3
POST /pets 422 0.520 ms 33 {"name":"test1","breed":"lab","age":"12","type":"dog","color":"red"} 68 33 - node-superagent/3.8.3
GET /owner/1 200 3.257 ms 106 {"name":"test1","breed":"lab","age":"12","type":"dog","color":"red","ownedBy":"1"} 82 106 - node-superagent/3.8.3
GET /owner/8 200 1.614 ms 2 {"name":"test1","breed":"lab","age":"12","type":"dog","color":"red","ownedBy":"8"} 82 2 - node-superagent/3.8.3
PUT /pets/1 422 0.803 ms 33 {"pet":{"id":"1","name":"test1","breed":"lab","age":"12","type":"dog","color":"red","ownedBy":"8"}} 99 33 - node-superagent/3.8.3
PUT /pets/1 422 0.514 ms 33 {"id":"1","color":"red","breed":"lab","age":"12","type":"dog","ownedBy":"1"} 76 33 - node-superagent/3.8.3
PUT /pets/1 422 0.829 ms 33 {"id":"1","name":"test1","breed":"lab","age":"12","type":"dog","ownedBy":"1"} 77 33 - node-superagent/3.8.3
PUT /pets/undefined 422 0.516 ms 33 {"name":"test1","color":"red","breed":"lab","type":"dog","ownedBy":"1"} 71 33 - node-superagent/3.8.3
PUT /pets/1 422 0.506 ms 33 {"id":"1","name":"test1","color":"red","age":"12","type":"dog","ownedBy":"1"} 77 33 - node-superagent/3.8.3
PUT /pets/1 422 0.534 ms 33 {"id":"1","name":"test1","breed":"lab","age":"12","color":"red","ownedBy":"1"} 78 33 - node-superagent/3.8.3
PUT /pets/1 422 0.546 ms 33 {"id":"1","name":"test1","breed":"lab","color":"red","age":"12","type":"do","ownedBy":"1"} 90 33 - node-superagent/3.8.3
PUT /pets/undefined 422 0.533 ms 33 {"name":"test1","breed":"lab","age":"12","type":"dog","color":"red"} 68 33 - node-superagent/3.8.3
GET /owner 200 10.095 ms 557 {} - 557 - node-superagent/3.8.3
POST /pets 200 38.069 ms 17 {"name":"testPet","color":"red","breed":"lab","age":"12","type":"dog","ownedBy":"1"} 84 17 - node-superagent/3.8.3
POST /pets 422 1.793 ms 33 {"color":"red","breed":"lab","age":"12","type":"dog","ownedBy":"1"} 67 33 - node-superagent/3.8.3
POST /pets 422 0.931 ms 33 {"name":"test1","breed":"lab","age":"12","type":"dog","ownedBy":"1"} 68 33 - node-superagent/3.8.3
POST /pets 422 0.989 ms 33 {"name":"test1","color":"red","breed":"lab","type":"dog","ownedBy":"1"} 71 33 - node-superagent/3.8.3
POST /pets 422 0.740 ms 33 {"name":"test1","color":"red","age":"12","type":"dog","ownedBy":"1"} 68 33 - node-superagent/3.8.3
POST /pets 422 0.564 ms 33 {"name":"test1","breed":"lab","age":"12","color":"red","ownedBy":"1"} 69 33 - node-superagent/3.8.3
POST /pets 422 1.040 ms 33 {"name":"test1","breed":"lab","color":"red","age":"12","type":"do","ownedBy":"1"} 81 33 - node-superagent/3.8.3
POST /pets 422 0.550 ms 33 {"name":"test1","breed":"lab","age":"12","type":"dog","color":"red"} 68 33 - node-superagent/3.8.3
GET /owner/1 200 2.415 ms 107 {"name":"test1","breed":"lab","age":"12","type":"dog","color":"red","ownedBy":"1"} 82 107 - node-superagent/3.8.3
GET /owner/8 200 1.526 ms 2 {"name":"test1","breed":"lab","age":"12","type":"dog","color":"red","ownedBy":"8"} 82 2 - node-superagent/3.8.3
PUT /pets/1 422 1.335 ms 33 {"pet":{"id":"1","name":"test1","breed":"lab","age":"12","type":"dog","color":"red","ownedBy":"8"}} 99 33 - node-superagent/3.8.3
PUT /pets/1 422 0.557 ms 33 {"id":"1","color":"red","breed":"lab","age":"12","type":"dog","ownedBy":"1"} 76 33 - node-superagent/3.8.3
PUT /pets/1 422 0.723 ms 33 {"id":"1","name":"test1","breed":"lab","age":"12","type":"dog","ownedBy":"1"} 77 33 - node-superagent/3.8.3
PUT /pets/undefined 422 1.264 ms 33 {"name":"test1","color":"red","breed":"lab","type":"dog","ownedBy":"1"} 71 33 - node-superagent/3.8.3
PUT /pets/1 422 0.562 ms 33 {"id":"1","name":"test1","color":"red","age":"12","type":"dog","ownedBy":"1"} 77 33 - node-superagent/3.8.3
PUT /pets/1 422 0.547 ms 33 {"id":"1","name":"test1","breed":"lab","age":"12","color":"red","ownedBy":"1"} 78 33 - node-superagent/3.8.3
PUT /pets/1 422 0.884 ms 33 {"id":"1","name":"test1","breed":"lab","color":"red","age":"12","type":"do","ownedBy":"1"} 90 33 - node-superagent/3.8.3
PUT /pets/undefined 422 1.316 ms 33 {"name":"test1","breed":"lab","age":"12","type":"dog","color":"red"} 68 33 - node-superagent/3.8.3
GET /owner 200 9.243 ms 557 {} - 557 - node-superagent/3.8.3
GET /pets 500 5.278 ms 114 {} - 114 - node-superagent/3.8.3
POST /pets 200 28.116 ms 17 {"name":"testPet","color":"red","breed":"lab","age":"12","type":"dog","ownedBy":"1"} 84 17 - node-superagent/3.8.3
POST /pets 422 0.946 ms 33 {"color":"red","breed":"lab","age":"12","type":"dog","ownedBy":"1"} 67 33 - node-superagent/3.8.3
POST /pets 422 0.985 ms 33 {"name":"test1","breed":"lab","age":"12","type":"dog","ownedBy":"1"} 68 33 - node-superagent/3.8.3
POST /pets 422 0.502 ms 33 {"name":"test1","color":"red","breed":"lab","type":"dog","ownedBy":"1"} 71 33 - node-superagent/3.8.3
POST /pets 422 0.514 ms 33 {"name":"test1","color":"red","age":"12","type":"dog","ownedBy":"1"} 68 33 - node-superagent/3.8.3
POST /pets 422 0.875 ms 33 {"name":"test1","breed":"lab","age":"12","color":"red","ownedBy":"1"} 69 33 - node-superagent/3.8.3
POST /pets 422 0.503 ms 33 {"name":"test1","breed":"lab","color":"red","age":"12","type":"do","ownedBy":"1"} 81 33 - node-superagent/3.8.3
POST /pets 422 0.518 ms 33 {"name":"test1","breed":"lab","age":"12","type":"dog","color":"red"} 68 33 - node-superagent/3.8.3
GET /owner/1 200 2.378 ms 106 {"name":"test1","breed":"lab","age":"12","type":"dog","color":"red","ownedBy":"1"} 82 106 - node-superagent/3.8.3
GET /owner/8 200 1.706 ms 2 {"name":"test1","breed":"lab","age":"12","type":"dog","color":"red","ownedBy":"8"} 82 2 - node-superagent/3.8.3
PUT /pets/1 422 0.730 ms 33 {"pet":{"id":"1","name":"test1","breed":"lab","age":"12","type":"dog","color":"red","ownedBy":"8"}} 99 33 - node-superagent/3.8.3
PUT /pets/1 422 0.687 ms 33 {"id":"1","color":"red","breed":"lab","age":"12","type":"dog","ownedBy":"1"} 76 33 - node-superagent/3.8.3
PUT /pets/1 422 0.488 ms 33 {"id":"1","name":"test1","breed":"lab","age":"12","type":"dog","ownedBy":"1"} 77 33 - node-superagent/3.8.3
PUT /pets/undefined 422 0.525 ms 33 {"name":"test1","color":"red","breed":"lab","type":"dog","ownedBy":"1"} 71 33 - node-superagent/3.8.3
PUT /pets/1 422 0.812 ms 33 {"id":"1","name":"test1","color":"red","age":"12","type":"dog","ownedBy":"1"} 77 33 - node-superagent/3.8.3
PUT /pets/1 422 0.523 ms 33 {"id":"1","name":"test1","breed":"lab","age":"12","color":"red","ownedBy":"1"} 78 33 - node-superagent/3.8.3
PUT /pets/1 422 0.509 ms 33 {"id":"1","name":"test1","breed":"lab","color":"red","age":"12","type":"do","ownedBy":"1"} 90 33 - node-superagent/3.8.3
PUT /pets/undefined 422 0.900 ms 33 {"name":"test1","breed":"lab","age":"12","type":"dog","color":"red"} 68 33 - node-superagent/3.8.3
GET /owner 200 8.914 ms 557 {} - 557 - node-superagent/3.8.3
GET /pets 500 2.478 ms 114 {} - 114 - node-superagent/3.8.3
GET /pets 500 0.677 ms 114 {} - 114 - node-superagent/3.8.3
POST /pets 200 29.974 ms 17 {"name":"testPet","color":"red","breed":"lab","age":"12","type":"dog","ownedBy":"1"} 84 17 - node-superagent/3.8.3
POST /pets 422 0.924 ms 33 {"color":"red","breed":"lab","age":"12","type":"dog","ownedBy":"1"} 67 33 - node-superagent/3.8.3
POST /pets 422 0.528 ms 33 {"name":"test1","breed":"lab","age":"12","type":"dog","ownedBy":"1"} 68 33 - node-superagent/3.8.3
POST /pets 422 0.509 ms 33 {"name":"test1","color":"red","breed":"lab","type":"dog","ownedBy":"1"} 71 33 - node-superagent/3.8.3
POST /pets 422 0.823 ms 33 {"name":"test1","color":"red","age":"12","type":"dog","ownedBy":"1"} 68 33 - node-superagent/3.8.3
POST /pets 422 1.098 ms 33 {"name":"test1","breed":"lab","age":"12","color":"red","ownedBy":"1"} 69 33 - node-superagent/3.8.3
POST /pets 422 0.567 ms 33 {"name":"test1","breed":"lab","color":"red","age":"12","type":"do","ownedBy":"1"} 81 33 - node-superagent/3.8.3
POST /pets 422 0.525 ms 33 {"name":"test1","breed":"lab","age":"12","type":"dog","color":"red"} 68 33 - node-superagent/3.8.3
GET /owner/1 200 2.404 ms 105 {"name":"test1","breed":"lab","age":"12","type":"dog","color":"red","ownedBy":"1"} 82 105 - node-superagent/3.8.3
GET /owner/8 200 1.422 ms 2 {"name":"test1","breed":"lab","age":"12","type":"dog","color":"red","ownedBy":"8"} 82 2 - node-superagent/3.8.3
PUT /pets/1 422 0.788 ms 33 {"pet":{"id":"1","name":"test1","breed":"lab","age":"12","type":"dog","color":"red","ownedBy":"8"}} 99 33 - node-superagent/3.8.3
PUT /pets/1 422 1.174 ms 33 {"id":"1","color":"red","breed":"lab","age":"12","type":"dog","ownedBy":"1"} 76 33 - node-superagent/3.8.3
PUT /pets/1 422 0.502 ms 33 {"id":"1","name":"test1","breed":"lab","age":"12","type":"dog","ownedBy":"1"} 77 33 - node-superagent/3.8.3
PUT /pets/undefined 422 0.541 ms 33 {"name":"test1","color":"red","breed":"lab","type":"dog","ownedBy":"1"} 71 33 - node-superagent/3.8.3
PUT /pets/1 422 0.559 ms 33 {"id":"1","name":"test1","color":"red","age":"12","type":"dog","ownedBy":"1"} 77 33 - node-superagent/3.8.3
PUT /pets/1 422 1.193 ms 33 {"id":"1","name":"test1","breed":"lab","age":"12","color":"red","ownedBy":"1"} 78 33 - node-superagent/3.8.3
PUT /pets/1 422 0.548 ms 33 {"id":"1","name":"test1","breed":"lab","color":"red","age":"12","type":"do","ownedBy":"1"} 90 33 - node-superagent/3.8.3
PUT /pets/undefined 422 0.570 ms 33 {"name":"test1","breed":"lab","age":"12","type":"dog","color":"red"} 68 33 - node-superagent/3.8.3
GET /owner 200 12.180 ms 557 {} - 557 - node-superagent/3.8.3
GET /pets 500 3.611 ms 114 {} - 114 - node-superagent/3.8.3
GET /pets 500 1.764 ms 114 {} - 114 - node-superagent/3.8.3
POST /pets 200 29.079 ms 17 {"name":"testPet","color":"red","breed":"lab","age":"12","type":"dog","ownedBy":"1"} 84 17 - node-superagent/3.8.3
GET /pets 200 1.688 ms 106 {} - 106 - node-superagent/3.8.3
POST /pets 422 1.098 ms 33 {"color":"red","breed":"lab","age":"12","type":"dog","ownedBy":"1"} 67 33 - node-superagent/3.8.3
POST /pets 422 0.525 ms 33 {"name":"test1","breed":"lab","age":"12","type":"dog","ownedBy":"1"} 68 33 - node-superagent/3.8.3
POST /pets 422 0.502 ms 33 {"name":"test1","color":"red","breed":"lab","type":"dog","ownedBy":"1"} 71 33 - node-superagent/3.8.3
POST /pets 422 0.503 ms 33 {"name":"test1","color":"red","age":"12","type":"dog","ownedBy":"1"} 68 33 - node-superagent/3.8.3
POST /pets 422 0.520 ms 33 {"name":"test1","breed":"lab","age":"12","color":"red","ownedBy":"1"} 69 33 - node-superagent/3.8.3
POST /pets 422 0.714 ms 33 {"name":"test1","breed":"lab","color":"red","age":"12","type":"do","ownedBy":"1"} 81 33 - node-superagent/3.8.3
POST /pets 422 0.505 ms 33 {"name":"test1","breed":"lab","age":"12","type":"dog","color":"red"} 68 33 - node-superagent/3.8.3
GET /owner/1 200 2.454 ms 106 {"name":"test1","breed":"lab","age":"12","type":"dog","color":"red","ownedBy":"1"} 82 106 - node-superagent/3.8.3
GET /owner/8 200 1.331 ms 2 {"name":"test1","breed":"lab","age":"12","type":"dog","color":"red","ownedBy":"8"} 82 2 - node-superagent/3.8.3
PUT /pets/1 422 0.898 ms 33 {"pet":{"id":"1","name":"test1","breed":"lab","age":"12","type":"dog","color":"red","ownedBy":"8"}} 99 33 - node-superagent/3.8.3
PUT /pets/1 422 0.505 ms 33 {"id":"1","color":"red","breed":"lab","age":"12","type":"dog","ownedBy":"1"} 76 33 - node-superagent/3.8.3
PUT /pets/1 422 0.488 ms 33 {"id":"1","name":"test1","breed":"lab","age":"12","type":"dog","ownedBy":"1"} 77 33 - node-superagent/3.8.3
PUT /pets/undefined 422 0.505 ms 33 {"name":"test1","color":"red","breed":"lab","type":"dog","ownedBy":"1"} 71 33 - node-superagent/3.8.3
PUT /pets/1 422 0.566 ms 33 {"id":"1","name":"test1","color":"red","age":"12","type":"dog","ownedBy":"1"} 77 33 - node-superagent/3.8.3
PUT /pets/1 422 0.702 ms 33 {"id":"1","name":"test1","breed":"lab","age":"12","color":"red","ownedBy":"1"} 78 33 - node-superagent/3.8.3
PUT /pets/1 422 0.696 ms 33 {"id":"1","name":"test1","breed":"lab","color":"red","age":"12","type":"do","ownedBy":"1"} 90 33 - node-superagent/3.8.3
PUT /pets/undefined 422 0.668 ms 33 {"name":"test1","breed":"lab","age":"12","type":"dog","color":"red"} 68 33 - node-superagent/3.8.3
GET /owner 200 11.123 ms 557 {} - 557 - node-superagent/3.8.3
GET /pets 500 5.256 ms 114 {} - 114 - node-superagent/3.8.3
GET /pets 500 0.717 ms 114 {} - 114 - node-superagent/3.8.3
POST /pets 200 28.077 ms 17 {"name":"testPet","color":"red","breed":"lab","age":"12","type":"dog","ownedBy":"1"} 84 17 - node-superagent/3.8.3
GET /pets 200 2.529 ms 106 {} - 106 - node-superagent/3.8.3
POST /pets 422 0.700 ms 33 {"color":"red","breed":"lab","age":"12","type":"dog","ownedBy":"1"} 67 33 - node-superagent/3.8.3
POST /pets 422 0.520 ms 33 {"name":"test1","breed":"lab","age":"12","type":"dog","ownedBy":"1"} 68 33 - node-superagent/3.8.3
POST /pets 422 0.496 ms 33 {"name":"test1","color":"red","breed":"lab","type":"dog","ownedBy":"1"} 71 33 - node-superagent/3.8.3
POST /pets 422 0.743 ms 33 {"name":"test1","color":"red","age":"12","type":"dog","ownedBy":"1"} 68 33 - node-superagent/3.8.3
POST /pets 422 0.502 ms 33 {"name":"test1","breed":"lab","age":"12","color":"red","ownedBy":"1"} 69 33 - node-superagent/3.8.3
POST /pets 422 0.589 ms 33 {"name":"test1","breed":"lab","color":"red","age":"12","type":"do","ownedBy":"1"} 81 33 - node-superagent/3.8.3
POST /pets 422 0.524 ms 33 {"name":"test1","breed":"lab","age":"12","type":"dog","color":"red"} 68 33 - node-superagent/3.8.3
GET /owner/1 200 2.758 ms 106 {"name":"test1","breed":"lab","age":"12","type":"dog","color":"red","ownedBy":"1"} 82 106 - node-superagent/3.8.3
GET /owner/8 200 2.059 ms 2 {"name":"test1","breed":"lab","age":"12","type":"dog","color":"red","ownedBy":"8"} 82 2 - node-superagent/3.8.3
PUT /pets/1 422 0.722 ms 33 {"pet":{"id":"1","name":"test1","breed":"lab","age":"12","type":"dog","color":"red","ownedBy":"8"}} 99 33 - node-superagent/3.8.3
PUT /pets/1 422 0.507 ms 33 {"id":"1","color":"red","breed":"lab","age":"12","type":"dog","ownedBy":"1"} 76 33 - node-superagent/3.8.3
PUT /pets/1 422 0.497 ms 33 {"id":"1","name":"test1","breed":"lab","age":"12","type":"dog","ownedBy":"1"} 77 33 - node-superagent/3.8.3
PUT /pets/undefined 422 0.693 ms 33 {"name":"test1","color":"red","breed":"lab","type":"dog","ownedBy":"1"} 71 33 - node-superagent/3.8.3
PUT /pets/1 422 0.535 ms 33 {"id":"1","name":"test1","color":"red","age":"12","type":"dog","ownedBy":"1"} 77 33 - node-superagent/3.8.3
PUT /pets/1 422 0.514 ms 33 {"id":"1","name":"test1","breed":"lab","age":"12","color":"red","ownedBy":"1"} 78 33 - node-superagent/3.8.3
PUT /pets/1 422 0.713 ms 33 {"id":"1","name":"test1","breed":"lab","color":"red","age":"12","type":"do","ownedBy":"1"} 90 33 - node-superagent/3.8.3
PUT /pets/undefined 422 0.495 ms 33 {"name":"test1","breed":"lab","age":"12","type":"dog","color":"red"} 68 33 - node-superagent/3.8.3
GET /owner 200 9.433 ms 557 {} - 557 - node-superagent/3.8.3
GET /pets 500 2.703 ms 114 {} - 114 - node-superagent/3.8.3
GET /pets 500 1.238 ms 114 {} - 114 - node-superagent/3.8.3
POST /pets 200 27.122 ms 17 {"name":"testPet","color":"red","breed":"lab","age":"12","type":"dog","ownedBy":"1"} 84 17 - node-superagent/3.8.3
GET /pets 200 2.558 ms 106 {} - 106 - node-superagent/3.8.3
POST /pets 422 0.979 ms 33 {"color":"red","breed":"lab","age":"12","type":"dog","ownedBy":"1"} 67 33 - node-superagent/3.8.3
POST /pets 422 0.525 ms 33 {"name":"test1","breed":"lab","age":"12","type":"dog","ownedBy":"1"} 68 33 - node-superagent/3.8.3
POST /pets 422 0.482 ms 33 {"name":"test1","color":"red","breed":"lab","type":"dog","ownedBy":"1"} 71 33 - node-superagent/3.8.3
POST /pets 422 0.526 ms 33 {"name":"test1","color":"red","age":"12","type":"dog","ownedBy":"1"} 68 33 - node-superagent/3.8.3
POST /pets 422 0.496 ms 33 {"name":"test1","breed":"lab","age":"12","color":"red","ownedBy":"1"} 69 33 - node-superagent/3.8.3
POST /pets 422 0.604 ms 33 {"name":"test1","breed":"lab","color":"red","age":"12","type":"do","ownedBy":"1"} 81 33 - node-superagent/3.8.3
POST /pets 422 0.522 ms 33 {"name":"test1","breed":"lab","age":"12","type":"dog","color":"red"} 68 33 - node-superagent/3.8.3
GET /owner/1 200 2.187 ms 106 {"name":"test1","breed":"lab","age":"12","type":"dog","color":"red","ownedBy":"1"} 82 106 - node-superagent/3.8.3
GET /owner/8 200 1.725 ms 2 {"name":"test1","breed":"lab","age":"12","type":"dog","color":"red","ownedBy":"8"} 82 2 - node-superagent/3.8.3
PUT /pets/1 422 0.772 ms 33 {"pet":{"id":"1","name":"test1","breed":"lab","age":"12","type":"dog","color":"red","ownedBy":"8"}} 99 33 - node-superagent/3.8.3
PUT /pets/1 422 0.821 ms 33 {"id":"1","color":"red","breed":"lab","age":"12","type":"dog","ownedBy":"1"} 76 33 - node-superagent/3.8.3
PUT /pets/1 422 0.567 ms 33 {"id":"1","name":"test1","breed":"lab","age":"12","type":"dog","ownedBy":"1"} 77 33 - node-superagent/3.8.3
PUT /pets/undefined 422 0.681 ms 33 {"name":"test1","color":"red","breed":"lab","type":"dog","ownedBy":"1"} 71 33 - node-superagent/3.8.3
PUT /pets/1 422 2.935 ms 33 {"id":"1","name":"test1","color":"red","age":"12","type":"dog","ownedBy":"1"} 77 33 - node-superagent/3.8.3
PUT /pets/1 422 0.597 ms 33 {"id":"1","name":"test1","breed":"lab","age":"12","color":"red","ownedBy":"1"} 78 33 - node-superagent/3.8.3
PUT /pets/1 422 0.486 ms 33 {"id":"1","name":"test1","breed":"lab","color":"red","age":"12","type":"do","ownedBy":"1"} 90 33 - node-superagent/3.8.3
PUT /pets/undefined 422 0.494 ms 33 {"name":"test1","breed":"lab","age":"12","type":"dog","color":"red"} 68 33 - node-superagent/3.8.3
GET /owner 200 9.876 ms 557 {} - 557 - node-superagent/3.8.3
GET /pets 500 2.405 ms 114 {} - 114 - node-superagent/3.8.3
POST /pets 200 26.596 ms 17 {"name":"testPet","color":"red","breed":"lab","age":"12","type":"dog","ownedBy":"1"} 84 17 - node-superagent/3.8.3
GET /pets 200 2.081 ms 106 {} - 106 - node-superagent/3.8.3
POST /pets 422 0.940 ms 33 {"color":"red","breed":"lab","age":"12","type":"dog","ownedBy":"1"} 67 33 - node-superagent/3.8.3
POST /pets 422 0.901 ms 33 {"name":"test1","breed":"lab","age":"12","type":"dog","ownedBy":"1"} 68 33 - node-superagent/3.8.3
POST /pets 422 0.609 ms 33 {"name":"test1","color":"red","breed":"lab","type":"dog","ownedBy":"1"} 71 33 - node-superagent/3.8.3
POST /pets 422 0.729 ms 33 {"name":"test1","color":"red","age":"12","type":"dog","ownedBy":"1"} 68 33 - node-superagent/3.8.3
POST /pets 422 0.740 ms 33 {"name":"test1","breed":"lab","age":"12","color":"red","ownedBy":"1"} 69 33 - node-superagent/3.8.3
POST /pets 422 0.550 ms 33 {"name":"test1","breed":"lab","color":"red","age":"12","type":"do","ownedBy":"1"} 81 33 - node-superagent/3.8.3
POST /pets 422 0.746 ms 33 {"name":"test1","breed":"lab","age":"12","type":"dog","color":"red"} 68 33 - node-superagent/3.8.3
GET /owner/1 200 3.935 ms 106 {"name":"test1","breed":"lab","age":"12","type":"dog","color":"red","ownedBy":"1"} 82 106 - node-superagent/3.8.3
GET /owner/8 200 1.002 ms 2 {"name":"test1","breed":"lab","age":"12","type":"dog","color":"red","ownedBy":"8"} 82 2 - node-superagent/3.8.3
PUT /pets/1 422 0.771 ms 33 {"pet":{"id":"1","name":"test1","breed":"lab","age":"12","type":"dog","color":"red","ownedBy":"8"}} 99 33 - node-superagent/3.8.3
PUT /pets/1 422 0.759 ms 33 {"id":"1","color":"red","breed":"lab","age":"12","type":"dog","ownedBy":"1"} 76 33 - node-superagent/3.8.3
PUT /pets/1 422 0.732 ms 33 {"id":"1","name":"test1","breed":"lab","age":"12","type":"dog","ownedBy":"1"} 77 33 - node-superagent/3.8.3
PUT /pets/undefined 422 0.755 ms 33 {"name":"test1","color":"red","breed":"lab","type":"dog","ownedBy":"1"} 71 33 - node-superagent/3.8.3
PUT /pets/1 422 0.575 ms 33 {"id":"1","name":"test1","color":"red","age":"12","type":"dog","ownedBy":"1"} 77 33 - node-superagent/3.8.3
PUT /pets/1 422 1.071 ms 33 {"id":"1","name":"test1","breed":"lab","age":"12","color":"red","ownedBy":"1"} 78 33 - node-superagent/3.8.3
PUT /pets/1 422 0.522 ms 33 {"id":"1","name":"test1","breed":"lab","color":"red","age":"12","type":"do","ownedBy":"1"} 90 33 - node-superagent/3.8.3
PUT /pets/undefined 422 0.616 ms 33 {"name":"test1","breed":"lab","age":"12","type":"dog","color":"red"} 68 33 - node-superagent/3.8.3
